<?xml version="1.0" encoding="UTF-8"?>
<coverage generated="1649107969439" clover="3.2.0">
  <project timestamp="1649107969440" name="All files">
    <metrics statements="309" coveredstatements="232" conditionals="411" coveredconditionals="249" methods="81" coveredmethods="56" elements="801" coveredelements="537" complexity="0" loc="309" ncloc="309" packages="31" files="52" classes="52"/>
    <package name="frontend">
      <metrics statements="3" coveredstatements="3" conditionals="0" coveredconditionals="0" methods="0" coveredmethods="0"/>
      <file name="config.js" path="/Users/kenlivesey/Projects/pers-projects/div2-item-compare/frontend/config.js">
        <metrics statements="3" coveredstatements="3" conditionals="0" coveredconditionals="0" methods="0" coveredmethods="0"/>
        <line num="2" count="15" type="stmt"/>
        <line num="3" count="15" type="stmt"/>
        <line num="4" count="15" type="stmt"/>
      </file>
    </package>
    <package name="frontend.components">
      <metrics statements="23" coveredstatements="23" conditionals="0" coveredconditionals="0" methods="0" coveredmethods="0"/>
      <file name="ItemIcons.js" path="/Users/kenlivesey/Projects/pers-projects/div2-item-compare/frontend/components/ItemIcons.js">
        <metrics statements="23" coveredstatements="23" conditionals="0" coveredconditionals="0" methods="0" coveredmethods="0"/>
        <line num="2" count="12" type="stmt"/>
        <line num="5" count="12" type="stmt"/>
        <line num="8" count="12" type="stmt"/>
        <line num="11" count="12" type="stmt"/>
        <line num="14" count="12" type="stmt"/>
        <line num="17" count="12" type="stmt"/>
        <line num="20" count="12" type="stmt"/>
        <line num="23" count="12" type="stmt"/>
        <line num="26" count="12" type="stmt"/>
        <line num="29" count="12" type="stmt"/>
        <line num="32" count="12" type="stmt"/>
        <line num="35" count="12" type="stmt"/>
        <line num="38" count="12" type="stmt"/>
        <line num="41" count="12" type="stmt"/>
        <line num="44" count="12" type="stmt"/>
        <line num="47" count="12" type="stmt"/>
        <line num="50" count="12" type="stmt"/>
        <line num="53" count="12" type="stmt"/>
        <line num="56" count="12" type="stmt"/>
        <line num="59" count="12" type="stmt"/>
        <line num="62" count="12" type="stmt"/>
        <line num="65" count="12" type="stmt"/>
        <line num="68" count="12" type="stmt"/>
      </file>
    </package>
    <package name="frontend.components.ClassAndFamilyText">
      <metrics statements="1" coveredstatements="1" conditionals="0" coveredconditionals="0" methods="1" coveredmethods="1"/>
      <file name="ClassAndFamilyText.js" path="/Users/kenlivesey/Projects/pers-projects/div2-item-compare/frontend/components/ClassAndFamilyText/ClassAndFamilyText.js">
        <metrics statements="1" coveredstatements="1" conditionals="0" coveredconditionals="0" methods="1" coveredmethods="1"/>
        <line num="4" count="16" type="stmt"/>
      </file>
      <file name="index.js" path="/Users/kenlivesey/Projects/pers-projects/div2-item-compare/frontend/components/ClassAndFamilyText/index.js">
        <metrics statements="0" coveredstatements="0" conditionals="0" coveredconditionals="0" methods="0" coveredmethods="0"/>
      </file>
    </package>
    <package name="frontend.components.ErrorMessage">
      <metrics statements="9" coveredstatements="7" conditionals="9" coveredconditionals="5" methods="2" coveredmethods="1"/>
      <file name="ErrorMessage.js" path="/Users/kenlivesey/Projects/pers-projects/div2-item-compare/frontend/components/ErrorMessage/ErrorMessage.js">
        <metrics statements="9" coveredstatements="7" conditionals="9" coveredconditionals="5" methods="2" coveredmethods="1"/>
        <line num="6" count="15" type="stmt"/>
        <line num="21" count="15" type="stmt"/>
        <line num="22" count="9" type="cond" truecount="3" falsecount="1"/>
        <line num="23" count="9" type="cond" truecount="1" falsecount="1"/>
        <line num="28" count="0" type="stmt"/>
        <line num="29" count="0" type="stmt"/>
        <line num="37" count="9" type="stmt"/>
        <line num="47" count="15" type="stmt"/>
        <line num="51" count="15" type="stmt"/>
      </file>
      <file name="index.js" path="/Users/kenlivesey/Projects/pers-projects/div2-item-compare/frontend/components/ErrorMessage/index.js">
        <metrics statements="0" coveredstatements="0" conditionals="0" coveredconditionals="0" methods="0" coveredmethods="0"/>
      </file>
    </package>
    <package name="frontend.components.ExoticWeaponAttachment">
      <metrics statements="3" coveredstatements="1" conditionals="26" coveredconditionals="0" methods="2" coveredmethods="1"/>
      <file name="ExoticWeaponAttachment.js" path="/Users/kenlivesey/Projects/pers-projects/div2-item-compare/frontend/components/ExoticWeaponAttachment/ExoticWeaponAttachment.js">
        <metrics statements="3" coveredstatements="1" conditionals="26" coveredconditionals="0" methods="2" coveredmethods="1"/>
        <line num="2" count="4" type="stmt"/>
        <line num="3" count="0" type="stmt"/>
        <line num="50" count="0" type="stmt"/>
      </file>
    </package>
    <package name="frontend.components.FlavourText">
      <metrics statements="1" coveredstatements="1" conditionals="3" coveredconditionals="2" methods="1" coveredmethods="1"/>
      <file name="FlavourText.js" path="/Users/kenlivesey/Projects/pers-projects/div2-item-compare/frontend/components/FlavourText/FlavourText.js">
        <metrics statements="1" coveredstatements="1" conditionals="3" coveredconditionals="2" methods="1" coveredmethods="1"/>
        <line num="2" count="16" type="stmt"/>
      </file>
      <file name="index.js" path="/Users/kenlivesey/Projects/pers-projects/div2-item-compare/frontend/components/FlavourText/index.js">
        <metrics statements="0" coveredstatements="0" conditionals="0" coveredconditionals="0" methods="0" coveredmethods="0"/>
      </file>
    </package>
    <package name="frontend.components.HeadSEOTag">
      <metrics statements="11" coveredstatements="8" conditionals="22" coveredconditionals="18" methods="1" coveredmethods="1"/>
      <file name="HeadSEOTag.js" path="/Users/kenlivesey/Projects/pers-projects/div2-item-compare/frontend/components/HeadSEOTag/HeadSEOTag.js">
        <metrics statements="11" coveredstatements="8" conditionals="22" coveredconditionals="18" methods="1" coveredmethods="1"/>
        <line num="6" count="17" type="cond" truecount="1" falsecount="1"/>
        <line num="8" count="17" type="cond" truecount="4" falsecount="0"/>
        <line num="9" count="1" type="stmt"/>
        <line num="11" count="17" type="cond" truecount="4" falsecount="0"/>
        <line num="13" count="17" type="cond" truecount="3" falsecount="1"/>
        <line num="14" count="0" type="stmt"/>
        <line num="16" count="17" type="cond" truecount="3" falsecount="1"/>
        <line num="17" count="0" type="stmt"/>
        <line num="19" count="17" type="cond" truecount="3" falsecount="1"/>
        <line num="20" count="0" type="stmt"/>
        <line num="22" count="17" type="stmt"/>
      </file>
      <file name="index.js" path="/Users/kenlivesey/Projects/pers-projects/div2-item-compare/frontend/components/HeadSEOTag/index.js">
        <metrics statements="0" coveredstatements="0" conditionals="0" coveredconditionals="0" methods="0" coveredmethods="0"/>
      </file>
    </package>
    <package name="frontend.components.LinkSmallBrand">
      <metrics statements="4" coveredstatements="2" conditionals="0" coveredconditionals="0" methods="1" coveredmethods="0"/>
      <file name="LinkSmallBrand.js" path="/Users/kenlivesey/Projects/pers-projects/div2-item-compare/frontend/components/LinkSmallBrand/LinkSmallBrand.js">
        <metrics statements="4" coveredstatements="2" conditionals="0" coveredconditionals="0" methods="1" coveredmethods="0"/>
        <line num="4" count="11" type="stmt"/>
        <line num="35" count="11" type="stmt"/>
        <line num="53" count="0" type="stmt"/>
        <line num="55" count="0" type="stmt"/>
      </file>
      <file name="index.js" path="/Users/kenlivesey/Projects/pers-projects/div2-item-compare/frontend/components/LinkSmallBrand/index.js">
        <metrics statements="0" coveredstatements="0" conditionals="0" coveredconditionals="0" methods="0" coveredmethods="0"/>
      </file>
    </package>
    <package name="frontend.components.LinkSmallPiece">
      <metrics statements="19" coveredstatements="13" conditionals="53" coveredconditionals="29" methods="2" coveredmethods="2"/>
      <file name="LinkSmallPiece.js" path="/Users/kenlivesey/Projects/pers-projects/div2-item-compare/frontend/components/LinkSmallPiece/LinkSmallPiece.js">
        <metrics statements="19" coveredstatements="13" conditionals="53" coveredconditionals="29" methods="2" coveredmethods="2"/>
        <line num="9" count="2" type="stmt"/>
        <line num="12" count="2" type="cond" truecount="1" falsecount="1"/>
        <line num="18" count="0" type="stmt"/>
        <line num="26" count="2" type="cond" truecount="2" falsecount="0"/>
        <line num="32" count="1" type="stmt"/>
        <line num="41" count="2" type="cond" truecount="1" falsecount="1"/>
        <line num="47" count="0" type="stmt"/>
        <line num="55" count="2" type="cond" truecount="2" falsecount="0"/>
        <line num="61" count="1" type="stmt"/>
        <line num="70" count="2" type="cond" truecount="2" falsecount="2"/>
        <line num="71" count="0" type="stmt"/>
        <line num="82" count="2" type="cond" truecount="3" falsecount="1"/>
        <line num="83" count="0" type="stmt"/>
        <line num="92" count="2" type="cond" truecount="2" falsecount="2"/>
        <line num="93" count="0" type="stmt"/>
        <line num="103" count="2" type="cond" truecount="3" falsecount="1"/>
        <line num="104" count="0" type="stmt"/>
        <line num="114" count="2" type="stmt"/>
        <line num="120" count="2" type="stmt"/>
      </file>
      <file name="index.js" path="/Users/kenlivesey/Projects/pers-projects/div2-item-compare/frontend/components/LinkSmallPiece/index.js">
        <metrics statements="0" coveredstatements="0" conditionals="0" coveredconditionals="0" methods="0" coveredmethods="0"/>
      </file>
    </package>
    <package name="frontend.components.LinkSmallWeapon">
      <metrics statements="20" coveredstatements="18" conditionals="44" coveredconditionals="35" methods="3" coveredmethods="2"/>
      <file name="LinkSmallWeapon.js" path="/Users/kenlivesey/Projects/pers-projects/div2-item-compare/frontend/components/LinkSmallWeapon/LinkSmallWeapon.js">
        <metrics statements="20" coveredstatements="18" conditionals="44" coveredconditionals="35" methods="3" coveredmethods="2"/>
        <line num="15" count="1" type="stmt"/>
        <line num="18" count="1" type="cond" truecount="1" falsecount="1"/>
        <line num="23" count="1" type="stmt"/>
        <line num="31" count="1" type="cond" truecount="1" falsecount="1"/>
        <line num="36" count="1" type="stmt"/>
        <line num="44" count="1" type="cond" truecount="1" falsecount="1"/>
        <line num="49" count="1" type="stmt"/>
        <line num="57" count="1" type="cond" truecount="1" falsecount="1"/>
        <line num="62" count="1" type="stmt"/>
        <line num="70" count="1" type="cond" truecount="1" falsecount="1"/>
        <line num="75" count="1" type="stmt"/>
        <line num="83" count="1" type="cond" truecount="1" falsecount="1"/>
        <line num="88" count="1" type="stmt"/>
        <line num="96" count="1" type="cond" truecount="1" falsecount="1"/>
        <line num="101" count="1" type="stmt"/>
        <line num="110" count="1" type="cond" truecount="1" falsecount="1"/>
        <line num="114" count="0" type="stmt"/>
        <line num="115" count="0" type="stmt"/>
        <line num="124" count="1" type="stmt"/>
        <line num="138" count="7" type="stmt"/>
      </file>
      <file name="index.js" path="/Users/kenlivesey/Projects/pers-projects/div2-item-compare/frontend/components/LinkSmallWeapon/index.js">
        <metrics statements="0" coveredstatements="0" conditionals="0" coveredconditionals="0" methods="0" coveredmethods="0"/>
      </file>
    </package>
    <package name="frontend.components.LinkSmallWeaponTalent">
      <metrics statements="2" coveredstatements="2" conditionals="4" coveredconditionals="3" methods="2" coveredmethods="2"/>
      <file name="LinkSmallWeaponTalent.js" path="/Users/kenlivesey/Projects/pers-projects/div2-item-compare/frontend/components/LinkSmallWeaponTalent/LinkSmallWeaponTalent.js">
        <metrics statements="2" coveredstatements="2" conditionals="4" coveredconditionals="3" methods="2" coveredmethods="2"/>
        <line num="6" count="17" type="stmt"/>
        <line num="18" count="19" type="stmt"/>
      </file>
      <file name="index.js" path="/Users/kenlivesey/Projects/pers-projects/div2-item-compare/frontend/components/LinkSmallWeaponTalent/index.js">
        <metrics statements="0" coveredstatements="0" conditionals="0" coveredconditionals="0" methods="0" coveredmethods="0"/>
      </file>
    </package>
    <package name="frontend.components.Pagination">
      <metrics statements="14" coveredstatements="3" conditionals="12" coveredconditionals="0" methods="1" coveredmethods="0"/>
      <file name="Pagination.js" path="/Users/kenlivesey/Projects/pers-projects/div2-item-compare/frontend/components/Pagination/Pagination.js">
        <metrics statements="14" coveredstatements="3" conditionals="12" coveredconditionals="0" methods="1" coveredmethods="0"/>
        <line num="8" count="15" type="stmt"/>
        <line num="14" count="15" type="stmt"/>
        <line num="50" count="15" type="stmt"/>
        <line num="67" count="0" type="cond" truecount="0" falsecount="2"/>
        <line num="68" count="0" type="cond" truecount="0" falsecount="2"/>
        <line num="70" count="0" type="stmt"/>
        <line num="71" count="0" type="cond" truecount="0" falsecount="2"/>
        <line num="72" count="0" type="cond" truecount="0" falsecount="2"/>
        <line num="74" count="0" type="stmt"/>
        <line num="82" count="0" type="cond" truecount="0" falsecount="2"/>
        <line num="83" count="0" type="cond" truecount="0" falsecount="2"/>
        <line num="85" count="0" type="stmt"/>
        <line num="86" count="0" type="stmt"/>
        <line num="88" count="0" type="stmt"/>
      </file>
      <file name="index.js" path="/Users/kenlivesey/Projects/pers-projects/div2-item-compare/frontend/components/Pagination/index.js">
        <metrics statements="0" coveredstatements="0" conditionals="0" coveredconditionals="0" methods="0" coveredmethods="0"/>
      </file>
    </package>
    <package name="frontend.components.SingleArmourPiece">
      <metrics statements="4" coveredstatements="4" conditionals="51" coveredconditionals="38" methods="1" coveredmethods="1"/>
      <file name="SingleArmourPiece.js" path="/Users/kenlivesey/Projects/pers-projects/div2-item-compare/frontend/components/SingleArmourPiece/SingleArmourPiece.js">
        <metrics statements="4" coveredstatements="4" conditionals="51" coveredconditionals="38" methods="1" coveredmethods="1"/>
        <line num="8" count="1" type="stmt"/>
        <line num="191" count="1" type="stmt"/>
        <line num="279" count="1" type="stmt"/>
        <line num="322" count="1" type="stmt"/>
      </file>
      <file name="index.js" path="/Users/kenlivesey/Projects/pers-projects/div2-item-compare/frontend/components/SingleArmourPiece/index.js">
        <metrics statements="0" coveredstatements="0" conditionals="0" coveredconditionals="0" methods="0" coveredmethods="0"/>
      </file>
    </package>
    <package name="frontend.components.SingleAverageWeapon">
      <metrics statements="2" coveredstatements="2" conditionals="13" coveredconditionals="8" methods="1" coveredmethods="1"/>
      <file name="SingleAverageWeapon.js" path="/Users/kenlivesey/Projects/pers-projects/div2-item-compare/frontend/components/SingleAverageWeapon/SingleAverageWeapon.js">
        <metrics statements="2" coveredstatements="2" conditionals="13" coveredconditionals="8" methods="1" coveredmethods="1"/>
        <line num="11" count="1" type="stmt"/>
        <line num="62" count="1" type="stmt"/>
      </file>
      <file name="index.js" path="/Users/kenlivesey/Projects/pers-projects/div2-item-compare/frontend/components/SingleAverageWeapon/index.js">
        <metrics statements="0" coveredstatements="0" conditionals="0" coveredconditionals="0" methods="0" coveredmethods="0"/>
      </file>
    </package>
    <package name="frontend.components.SingleBrand">
      <metrics statements="2" coveredstatements="2" conditionals="0" coveredconditionals="0" methods="1" coveredmethods="1"/>
      <file name="SingleBrand.js" path="/Users/kenlivesey/Projects/pers-projects/div2-item-compare/frontend/components/SingleBrand/SingleBrand.js">
        <metrics statements="2" coveredstatements="2" conditionals="0" coveredconditionals="0" methods="1" coveredmethods="1"/>
        <line num="5" count="1" type="stmt"/>
        <line num="54" count="1" type="stmt"/>
      </file>
      <file name="index.js" path="/Users/kenlivesey/Projects/pers-projects/div2-item-compare/frontend/components/SingleBrand/index.js">
        <metrics statements="0" coveredstatements="0" conditionals="0" coveredconditionals="0" methods="0" coveredmethods="0"/>
      </file>
    </package>
    <package name="frontend.components.SingleRadarChart">
      <metrics statements="43" coveredstatements="23" conditionals="24" coveredconditionals="10" methods="5" coveredmethods="1"/>
      <file name="SingleRadarChart.js" path="/Users/kenlivesey/Projects/pers-projects/div2-item-compare/frontend/components/SingleRadarChart/SingleRadarChart.js">
        <metrics statements="43" coveredstatements="23" conditionals="24" coveredconditionals="10" methods="5" coveredmethods="1"/>
        <line num="19" count="17" type="stmt"/>
        <line num="29" count="17" type="stmt"/>
        <line num="32" count="17" type="stmt"/>
        <line num="33" count="17" type="stmt"/>
        <line num="34" count="17" type="stmt"/>
        <line num="35" count="17" type="stmt"/>
        <line num="36" count="17" type="stmt"/>
        <line num="38" count="17" type="stmt"/>
        <line num="52" count="17" type="stmt"/>
        <line num="68" count="0" type="stmt"/>
        <line num="82" count="0" type="stmt"/>
        <line num="84" count="0" type="cond" truecount="0" falsecount="2"/>
        <line num="85" count="0" type="stmt"/>
        <line num="86" count="0" type="stmt"/>
        <line num="87" count="0" type="stmt"/>
        <line num="90" count="0" type="stmt"/>
        <line num="97" count="17" type="stmt"/>
        <line num="111" count="17" type="stmt"/>
        <line num="125" count="17" type="cond" truecount="2" falsecount="0"/>
        <line num="126" count="16" type="stmt"/>
        <line num="142" count="0" type="stmt"/>
        <line num="156" count="0" type="stmt"/>
        <line num="170" count="0" type="stmt"/>
        <line num="172" count="0" type="cond" truecount="0" falsecount="2"/>
        <line num="173" count="0" type="stmt"/>
        <line num="174" count="0" type="cond" truecount="0" falsecount="2"/>
        <line num="178" count="0" type="stmt"/>
        <line num="179" count="0" type="stmt"/>
        <line num="180" count="0" type="stmt"/>
        <line num="183" count="0" type="stmt"/>
        <line num="190" count="16" type="stmt"/>
        <line num="204" count="16" type="stmt"/>
        <line num="219" count="16" type="stmt"/>
        <line num="220" count="16" type="cond" truecount="1" falsecount="1"/>
        <line num="221" count="0" type="stmt"/>
        <line num="222" count="16" type="cond" truecount="1" falsecount="1"/>
        <line num="223" count="0" type="stmt"/>
        <line num="226" count="16" type="stmt"/>
        <line num="227" count="16" type="cond" truecount="1" falsecount="1"/>
        <line num="228" count="0" type="stmt"/>
        <line num="229" count="16" type="cond" truecount="1" falsecount="1"/>
        <line num="231" count="16" type="stmt"/>
        <line num="252" count="17" type="stmt"/>
      </file>
      <file name="index.js" path="/Users/kenlivesey/Projects/pers-projects/div2-item-compare/frontend/components/SingleRadarChart/index.js">
        <metrics statements="0" coveredstatements="0" conditionals="0" coveredconditionals="0" methods="0" coveredmethods="0"/>
      </file>
    </package>
    <package name="frontend.components.SingleTalent">
      <metrics statements="4" coveredstatements="4" conditionals="12" coveredconditionals="12" methods="1" coveredmethods="1"/>
      <file name="SingleTalent.js" path="/Users/kenlivesey/Projects/pers-projects/div2-item-compare/frontend/components/SingleTalent/SingleTalent.js">
        <metrics statements="4" coveredstatements="4" conditionals="12" coveredconditionals="12" methods="1" coveredmethods="1"/>
        <line num="4" count="6" type="stmt"/>
        <line num="5" count="6" type="cond" truecount="2" falsecount="0"/>
        <line num="6" count="6" type="cond" truecount="2" falsecount="0"/>
        <line num="8" count="6" type="stmt"/>
      </file>
      <file name="index.js" path="/Users/kenlivesey/Projects/pers-projects/div2-item-compare/frontend/components/SingleTalent/index.js">
        <metrics statements="0" coveredstatements="0" conditionals="0" coveredconditionals="0" methods="0" coveredmethods="0"/>
      </file>
    </package>
    <package name="frontend.components.SingleWeapon">
      <metrics statements="3" coveredstatements="3" conditionals="13" coveredconditionals="9" methods="1" coveredmethods="1"/>
      <file name="SingleWeapon.js" path="/Users/kenlivesey/Projects/pers-projects/div2-item-compare/frontend/components/SingleWeapon/SingleWeapon.js">
        <metrics statements="3" coveredstatements="3" conditionals="13" coveredconditionals="9" methods="1" coveredmethods="1"/>
        <line num="12" count="10" type="stmt"/>
        <line num="185" count="10" type="stmt"/>
        <line num="282" count="17" type="stmt"/>
      </file>
      <file name="index.js" path="/Users/kenlivesey/Projects/pers-projects/div2-item-compare/frontend/components/SingleWeapon/index.js">
        <metrics statements="0" coveredstatements="0" conditionals="0" coveredconditionals="0" methods="0" coveredmethods="0"/>
      </file>
    </package>
    <package name="frontend.components.TitleBar">
      <metrics statements="4" coveredstatements="4" conditionals="4" coveredconditionals="4" methods="2" coveredmethods="2"/>
      <file name="TitleBar.js" path="/Users/kenlivesey/Projects/pers-projects/div2-item-compare/frontend/components/TitleBar/TitleBar.js">
        <metrics statements="4" coveredstatements="4" conditionals="4" coveredconditionals="4" methods="2" coveredmethods="2"/>
        <line num="4" count="17" type="cond" truecount="2" falsecount="0"/>
        <line num="5" count="17" type="cond" truecount="2" falsecount="0"/>
        <line num="6" count="17" type="stmt"/>
        <line num="16" count="17" type="stmt"/>
      </file>
      <file name="index.js" path="/Users/kenlivesey/Projects/pers-projects/div2-item-compare/frontend/components/TitleBar/index.js">
        <metrics statements="0" coveredstatements="0" conditionals="0" coveredconditionals="0" methods="0" coveredmethods="0"/>
      </file>
    </package>
    <package name="frontend.components.WeaponClassNotes">
      <metrics statements="7" coveredstatements="7" conditionals="0" coveredconditionals="0" methods="7" coveredmethods="7"/>
      <file name="WeaponClassNotes.js" path="/Users/kenlivesey/Projects/pers-projects/div2-item-compare/frontend/components/WeaponClassNotes/WeaponClassNotes.js">
        <metrics statements="7" coveredstatements="7" conditionals="0" coveredconditionals="0" methods="7" coveredmethods="7"/>
        <line num="2" count="3" type="stmt"/>
        <line num="31" count="2" type="stmt"/>
        <line num="61" count="2" type="stmt"/>
        <line num="97" count="2" type="stmt"/>
        <line num="119" count="2" type="stmt"/>
        <line num="150" count="2" type="stmt"/>
        <line num="189" count="2" type="stmt"/>
      </file>
      <file name="index.js" path="/Users/kenlivesey/Projects/pers-projects/div2-item-compare/frontend/components/WeaponClassNotes/index.js">
        <metrics statements="0" coveredstatements="0" conditionals="0" coveredconditionals="0" methods="0" coveredmethods="0"/>
      </file>
    </package>
    <package name="frontend.components.WeaponClassThirdAttribute">
      <metrics statements="31" coveredstatements="9" conditionals="46" coveredconditionals="16" methods="9" coveredmethods="1"/>
      <file name="WeaponClassThirdAttribute.js" path="/Users/kenlivesey/Projects/pers-projects/div2-item-compare/frontend/components/WeaponClassThirdAttribute/WeaponClassThirdAttribute.js">
        <metrics statements="31" coveredstatements="9" conditionals="46" coveredconditionals="16" methods="9" coveredmethods="1"/>
        <line num="5" count="15" type="stmt"/>
        <line num="7" count="15" type="cond" truecount="3" falsecount="1"/>
        <line num="8" count="0" type="stmt"/>
        <line num="9" count="0" type="cond" truecount="0" falsecount="2"/>
        <line num="10" count="0" type="stmt"/>
        <line num="14" count="15" type="cond" truecount="2" falsecount="2"/>
        <line num="15" count="0" type="stmt"/>
        <line num="16" count="0" type="cond" truecount="0" falsecount="2"/>
        <line num="17" count="0" type="stmt"/>
        <line num="21" count="15" type="cond" truecount="2" falsecount="2"/>
        <line num="22" count="0" type="stmt"/>
        <line num="23" count="0" type="cond" truecount="0" falsecount="2"/>
        <line num="24" count="0" type="stmt"/>
        <line num="28" count="15" type="cond" truecount="2" falsecount="2"/>
        <line num="29" count="0" type="stmt"/>
        <line num="30" count="0" type="cond" truecount="0" falsecount="2"/>
        <line num="31" count="0" type="stmt"/>
        <line num="35" count="15" type="cond" truecount="2" falsecount="2"/>
        <line num="36" count="0" type="stmt"/>
        <line num="37" count="0" type="cond" truecount="0" falsecount="2"/>
        <line num="38" count="0" type="stmt"/>
        <line num="42" count="15" type="cond" truecount="2" falsecount="2"/>
        <line num="43" count="0" type="stmt"/>
        <line num="44" count="0" type="cond" truecount="0" falsecount="2"/>
        <line num="45" count="0" type="stmt"/>
        <line num="49" count="15" type="cond" truecount="2" falsecount="2"/>
        <line num="50" count="0" type="stmt"/>
        <line num="51" count="0" type="cond" truecount="0" falsecount="2"/>
        <line num="52" count="0" type="stmt"/>
        <line num="56" count="15" type="stmt"/>
        <line num="74" count="0" type="stmt"/>
      </file>
      <file name="index.js" path="/Users/kenlivesey/Projects/pers-projects/div2-item-compare/frontend/components/WeaponClassThirdAttribute/index.js">
        <metrics statements="0" coveredstatements="0" conditionals="0" coveredconditionals="0" methods="0" coveredmethods="0"/>
      </file>
    </package>
    <package name="frontend.lib">
      <metrics statements="46" coveredstatements="39" conditionals="25" coveredconditionals="16" methods="28" coveredmethods="20"/>
      <file name="abbreviationsDictionary.js" path="/Users/kenlivesey/Projects/pers-projects/div2-item-compare/frontend/lib/abbreviationsDictionary.js">
        <metrics statements="8" coveredstatements="8" conditionals="12" coveredconditionals="12" methods="1" coveredmethods="1"/>
        <line num="2" count="25" type="stmt"/>
        <line num="3" count="25" type="cond" truecount="2" falsecount="0"/>
        <line num="4" count="25" type="cond" truecount="2" falsecount="0"/>
        <line num="5" count="25" type="cond" truecount="2" falsecount="0"/>
        <line num="6" count="25" type="cond" truecount="2" falsecount="0"/>
        <line num="7" count="25" type="cond" truecount="2" falsecount="0"/>
        <line num="8" count="25" type="cond" truecount="2" falsecount="0"/>
        <line num="9" count="25" type="stmt"/>
      </file>
      <file name="displayNumbers.js" path="/Users/kenlivesey/Projects/pers-projects/div2-item-compare/frontend/lib/displayNumbers.js">
        <metrics statements="10" coveredstatements="10" conditionals="9" coveredconditionals="4" methods="4" coveredmethods="4"/>
        <line num="2" count="60" type="stmt"/>
        <line num="3" count="60" type="stmt"/>
        <line num="7" count="21" type="stmt"/>
        <line num="8" count="21" type="stmt"/>
        <line num="12" count="40" type="stmt"/>
        <line num="13" count="40" type="stmt"/>
        <line num="17" count="45" type="cond" truecount="1" falsecount="1"/>
        <line num="18" count="45" type="cond" truecount="2" falsecount="0"/>
        <line num="19" count="45" type="stmt"/>
        <line num="20" count="45" type="stmt"/>
      </file>
      <file name="displayStrings.js" path="/Users/kenlivesey/Projects/pers-projects/div2-item-compare/frontend/lib/displayStrings.js">
        <metrics statements="12" coveredstatements="10" conditionals="2" coveredconditionals="0" methods="7" coveredmethods="6"/>
        <line num="2" count="3" type="stmt"/>
        <line num="3" count="3" type="stmt"/>
        <line num="5" count="6" type="stmt"/>
        <line num="7" count="3" type="stmt"/>
        <line num="9" count="3" type="stmt"/>
        <line num="10" count="3" type="stmt"/>
        <line num="14" count="36" type="stmt"/>
        <line num="18" count="81" type="stmt"/>
        <line num="24" count="1" type="stmt"/>
        <line num="25" count="5" type="stmt"/>
        <line num="29" count="0" type="cond" truecount="0" falsecount="2"/>
        <line num="30" count="0" type="stmt"/>
      </file>
      <file name="testUtils.js" path="/Users/kenlivesey/Projects/pers-projects/div2-item-compare/frontend/lib/testUtils.js">
        <metrics statements="16" coveredstatements="11" conditionals="2" coveredconditionals="0" methods="16" coveredmethods="9"/>
        <line num="5" count="0" type="stmt"/>
        <line num="9" count="0" type="cond" truecount="0" falsecount="2"/>
        <line num="13" count="0" type="stmt"/>
        <line num="17" count="0" type="stmt"/>
        <line num="22" count="0" type="stmt"/>
        <line num="43" count="15" type="stmt"/>
        <line num="85" count="15" type="stmt"/>
        <line num="127" count="15" type="stmt"/>
        <line num="155" count="15" type="stmt"/>
        <line num="231" count="15" type="stmt"/>
        <line num="249" count="15" type="stmt"/>
        <line num="304" count="15" type="stmt"/>
        <line num="367" count="15" type="stmt"/>
        <line num="404" count="15" type="stmt"/>
        <line num="432" count="15" type="stmt"/>
        <line num="515" count="15" type="stmt"/>
      </file>
    </package>
    <package name="frontend.pages.weapons.assaultRifle">
      <metrics statements="6" coveredstatements="6" conditionals="4" coveredconditionals="4" methods="1" coveredmethods="1"/>
      <file name="[id].js" path="/Users/kenlivesey/Projects/pers-projects/div2-item-compare/frontend/pages/weapons/assaultRifle/[id].js">
        <metrics statements="6" coveredstatements="6" conditionals="4" coveredconditionals="4" methods="1" coveredmethods="1"/>
        <line num="18" count="7" type="stmt"/>
        <line num="23" count="7" type="cond" truecount="2" falsecount="0"/>
        <line num="24" count="3" type="cond" truecount="2" falsecount="0"/>
        <line num="26" count="2" type="stmt"/>
        <line num="27" count="2" type="stmt"/>
        <line num="29" count="2" type="stmt"/>
      </file>
    </package>
    <package name="frontend.pages.weapons.averageWeapon">
      <metrics statements="5" coveredstatements="5" conditionals="18" coveredconditionals="12" methods="1" coveredmethods="1"/>
      <file name="[id].js" path="/Users/kenlivesey/Projects/pers-projects/div2-item-compare/frontend/pages/weapons/averageWeapon/[id].js">
        <metrics statements="5" coveredstatements="5" conditionals="18" coveredconditionals="12" methods="1" coveredmethods="1"/>
        <line num="22" count="5" type="stmt"/>
        <line num="27" count="5" type="cond" truecount="2" falsecount="0"/>
        <line num="28" count="2" type="cond" truecount="2" falsecount="0"/>
        <line num="30" count="1" type="stmt"/>
        <line num="32" count="1" type="stmt"/>
      </file>
    </package>
    <package name="frontend.pages.weapons.exoticWeapon">
      <metrics statements="6" coveredstatements="6" conditionals="4" coveredconditionals="4" methods="1" coveredmethods="1"/>
      <file name="[id].js" path="/Users/kenlivesey/Projects/pers-projects/div2-item-compare/frontend/pages/weapons/exoticWeapon/[id].js">
        <metrics statements="6" coveredstatements="6" conditionals="4" coveredconditionals="4" methods="1" coveredmethods="1"/>
        <line num="16" count="7" type="stmt"/>
        <line num="21" count="7" type="cond" truecount="2" falsecount="0"/>
        <line num="22" count="3" type="cond" truecount="2" falsecount="0"/>
        <line num="24" count="2" type="stmt"/>
        <line num="25" count="2" type="stmt"/>
        <line num="27" count="2" type="stmt"/>
      </file>
    </package>
    <package name="frontend.pages.weapons.lightMachineGun">
      <metrics statements="6" coveredstatements="6" conditionals="4" coveredconditionals="4" methods="1" coveredmethods="1"/>
      <file name="[id].js" path="/Users/kenlivesey/Projects/pers-projects/div2-item-compare/frontend/pages/weapons/lightMachineGun/[id].js">
        <metrics statements="6" coveredstatements="6" conditionals="4" coveredconditionals="4" methods="1" coveredmethods="1"/>
        <line num="18" count="7" type="stmt"/>
        <line num="23" count="7" type="cond" truecount="2" falsecount="0"/>
        <line num="24" count="3" type="cond" truecount="2" falsecount="0"/>
        <line num="26" count="2" type="stmt"/>
        <line num="27" count="2" type="stmt"/>
        <line num="29" count="2" type="stmt"/>
      </file>
    </package>
    <package name="frontend.pages.weapons.marksmanRifle">
      <metrics statements="6" coveredstatements="6" conditionals="4" coveredconditionals="4" methods="1" coveredmethods="1"/>
      <file name="[id].js" path="/Users/kenlivesey/Projects/pers-projects/div2-item-compare/frontend/pages/weapons/marksmanRifle/[id].js">
        <metrics statements="6" coveredstatements="6" conditionals="4" coveredconditionals="4" methods="1" coveredmethods="1"/>
        <line num="18" count="7" type="stmt"/>
        <line num="23" count="7" type="cond" truecount="2" falsecount="0"/>
        <line num="24" count="3" type="cond" truecount="2" falsecount="0"/>
        <line num="26" count="2" type="stmt"/>
        <line num="27" count="2" type="stmt"/>
        <line num="29" count="2" type="stmt"/>
      </file>
    </package>
    <package name="frontend.pages.weapons.pistol">
      <metrics statements="6" coveredstatements="6" conditionals="4" coveredconditionals="4" methods="1" coveredmethods="1"/>
      <file name="[id].js" path="/Users/kenlivesey/Projects/pers-projects/div2-item-compare/frontend/pages/weapons/pistol/[id].js">
        <metrics statements="6" coveredstatements="6" conditionals="4" coveredconditionals="4" methods="1" coveredmethods="1"/>
        <line num="18" count="7" type="stmt"/>
        <line num="23" count="7" type="cond" truecount="2" falsecount="0"/>
        <line num="24" count="3" type="cond" truecount="2" falsecount="0"/>
        <line num="26" count="2" type="stmt"/>
        <line num="27" count="2" type="stmt"/>
        <line num="29" count="2" type="stmt"/>
      </file>
    </package>
    <package name="frontend.pages.weapons.rifle">
      <metrics statements="6" coveredstatements="6" conditionals="4" coveredconditionals="4" methods="1" coveredmethods="1"/>
      <file name="[id].js" path="/Users/kenlivesey/Projects/pers-projects/div2-item-compare/frontend/pages/weapons/rifle/[id].js">
        <metrics statements="6" coveredstatements="6" conditionals="4" coveredconditionals="4" methods="1" coveredmethods="1"/>
        <line num="18" count="7" type="stmt"/>
        <line num="23" count="7" type="cond" truecount="2" falsecount="0"/>
        <line num="24" count="3" type="cond" truecount="2" falsecount="0"/>
        <line num="26" count="2" type="stmt"/>
        <line num="27" count="2" type="stmt"/>
        <line num="29" count="2" type="stmt"/>
      </file>
    </package>
    <package name="frontend.pages.weapons.shotgun">
      <metrics statements="6" coveredstatements="6" conditionals="4" coveredconditionals="4" methods="1" coveredmethods="1"/>
      <file name="[id].js" path="/Users/kenlivesey/Projects/pers-projects/div2-item-compare/frontend/pages/weapons/shotgun/[id].js">
        <metrics statements="6" coveredstatements="6" conditionals="4" coveredconditionals="4" methods="1" coveredmethods="1"/>
        <line num="18" count="7" type="stmt"/>
        <line num="23" count="7" type="cond" truecount="2" falsecount="0"/>
        <line num="24" count="3" type="cond" truecount="2" falsecount="0"/>
        <line num="26" count="2" type="stmt"/>
        <line num="27" count="2" type="stmt"/>
        <line num="29" count="2" type="stmt"/>
      </file>
    </package>
    <package name="frontend.pages.weapons.subMachineGun">
      <metrics statements="6" coveredstatements="6" conditionals="4" coveredconditionals="4" methods="1" coveredmethods="1"/>
      <file name="[id].js" path="/Users/kenlivesey/Projects/pers-projects/div2-item-compare/frontend/pages/weapons/subMachineGun/[id].js">
        <metrics statements="6" coveredstatements="6" conditionals="4" coveredconditionals="4" methods="1" coveredmethods="1"/>
        <line num="18" count="7" type="stmt"/>
        <line num="23" count="7" type="cond" truecount="2" falsecount="0"/>
        <line num="24" count="3" type="cond" truecount="2" falsecount="0"/>
        <line num="26" count="2" type="stmt"/>
        <line num="27" count="2" type="stmt"/>
        <line num="29" count="2" type="stmt"/>
      </file>
    </package>
  </project>
</coverage>
