{"/Users/kenlivesey/Projects/pers-projects/div2-item-compare/frontend/config.js": {"path":"/Users/kenlivesey/Projects/pers-projects/div2-item-compare/frontend/config.js","statementMap":{"0":{"start":{"line":2,"column":24},"end":{"line":2,"column":59}},"1":{"start":{"line":3,"column":28},"end":{"line":3,"column":52}},"2":{"start":{"line":4,"column":23},"end":{"line":4,"column":24}}},"fnMap":{},"branchMap":{},"s":{"0":15,"1":15,"2":15},"f":{},"b":{},"_coverageSchema":"1a1c01bbd47fc00a2c39e90264f33305004495a9","hash":"cb1216f381fae5f4742cefd3f2f05f0b079e1989"}
,"/Users/kenlivesey/Projects/pers-projects/div2-item-compare/frontend/components/ItemIcons.js": {"path":"/Users/kenlivesey/Projects/pers-projects/div2-item-compare/frontend/components/ItemIcons.js","statementMap":{"0":{"start":{"line":2,"column":2},"end":{"line":2,"column":113}},"1":{"start":{"line":5,"column":2},"end":{"line":5,"column":113}},"2":{"start":{"line":8,"column":2},"end":{"line":8,"column":113}},"3":{"start":{"line":11,"column":2},"end":{"line":11,"column":113}},"4":{"start":{"line":14,"column":2},"end":{"line":14,"column":113}},"5":{"start":{"line":17,"column":2},"end":{"line":17,"column":113}},"6":{"start":{"line":20,"column":2},"end":{"line":20,"column":113}},"7":{"start":{"line":23,"column":2},"end":{"line":23,"column":113}},"8":{"start":{"line":26,"column":2},"end":{"line":26,"column":113}},"9":{"start":{"line":29,"column":2},"end":{"line":29,"column":113}},"10":{"start":{"line":32,"column":2},"end":{"line":32,"column":113}},"11":{"start":{"line":35,"column":2},"end":{"line":35,"column":113}},"12":{"start":{"line":38,"column":2},"end":{"line":38,"column":113}},"13":{"start":{"line":41,"column":2},"end":{"line":41,"column":113}},"14":{"start":{"line":44,"column":2},"end":{"line":44,"column":113}},"15":{"start":{"line":47,"column":2},"end":{"line":47,"column":113}},"16":{"start":{"line":50,"column":2},"end":{"line":50,"column":113}},"17":{"start":{"line":53,"column":2},"end":{"line":53,"column":113}},"18":{"start":{"line":56,"column":2},"end":{"line":56,"column":113}},"19":{"start":{"line":59,"column":2},"end":{"line":59,"column":113}},"20":{"start":{"line":62,"column":2},"end":{"line":62,"column":113}},"21":{"start":{"line":65,"column":2},"end":{"line":65,"column":113}},"22":{"start":{"line":68,"column":2},"end":{"line":68,"column":113}}},"fnMap":{},"branchMap":{},"s":{"0":12,"1":12,"2":12,"3":12,"4":12,"5":12,"6":12,"7":12,"8":12,"9":12,"10":12,"11":12,"12":12,"13":12,"14":12,"15":12,"16":12,"17":12,"18":12,"19":12,"20":12,"21":12,"22":12},"f":{},"b":{},"_coverageSchema":"1a1c01bbd47fc00a2c39e90264f33305004495a9","hash":"9365f8da723c788a43f797350ea399764a6bd7da"}
,"/Users/kenlivesey/Projects/pers-projects/div2-item-compare/frontend/components/ClassAndFamilyText/ClassAndFamilyText.js": {"path":"/Users/kenlivesey/Projects/pers-projects/div2-item-compare/frontend/components/ClassAndFamilyText/ClassAndFamilyText.js","statementMap":{"0":{"start":{"line":4,"column":2},"end":{"line":8,"column":4}}},"fnMap":{"0":{"name":"ClassAndFamilyText","decl":{"start":{"line":3,"column":24},"end":{"line":3,"column":42}},"loc":{"start":{"line":3,"column":55},"end":{"line":9,"column":1}},"line":3}},"branchMap":{},"s":{"0":16},"f":{"0":16},"b":{},"_coverageSchema":"1a1c01bbd47fc00a2c39e90264f33305004495a9","hash":"69839a1a5ebe7c52766f19de6dd23d86a450ede3"}
,"/Users/kenlivesey/Projects/pers-projects/div2-item-compare/frontend/components/ClassAndFamilyText/index.js": {"path":"/Users/kenlivesey/Projects/pers-projects/div2-item-compare/frontend/components/ClassAndFamilyText/index.js","statementMap":{},"fnMap":{},"branchMap":{},"s":{},"f":{},"b":{},"_coverageSchema":"1a1c01bbd47fc00a2c39e90264f33305004495a9","hash":"7cc0b65b083fd11c415f20c893c54600f8b8d173"}
,"/Users/kenlivesey/Projects/pers-projects/div2-item-compare/frontend/components/ErrorMessage/ErrorMessage.js": {"path":"/Users/kenlivesey/Projects/pers-projects/div2-item-compare/frontend/components/ErrorMessage/ErrorMessage.js","statementMap":{"0":{"start":{"line":6,"column":20},"end":{"line":19,"column":1}},"1":{"start":{"line":21,"column":21},"end":{"line":45,"column":1}},"2":{"start":{"line":22,"column":2},"end":{"line":22,"column":44}},"3":{"start":{"line":22,"column":32},"end":{"line":22,"column":44}},"4":{"start":{"line":23,"column":2},"end":{"line":36,"column":3}},"5":{"start":{"line":28,"column":4},"end":{"line":35,"column":7}},"6":{"start":{"line":29,"column":6},"end":{"line":34,"column":20}},"7":{"start":{"line":37,"column":2},"end":{"line":44,"column":4}},"8":{"start":{"line":47,"column":0},"end":{"line":49,"column":2}},"9":{"start":{"line":51,"column":0},"end":{"line":53,"column":2}}},"fnMap":{"0":{"name":"(anonymous_0)","decl":{"start":{"line":21,"column":21},"end":{"line":21,"column":22}},"loc":{"start":{"line":21,"column":36},"end":{"line":45,"column":1}},"line":21},"1":{"name":"(anonymous_1)","decl":{"start":{"line":28,"column":48},"end":{"line":28,"column":49}},"loc":{"start":{"line":29,"column":6},"end":{"line":34,"column":20}},"line":29}},"branchMap":{"0":{"loc":{"start":{"line":22,"column":2},"end":{"line":22,"column":44}},"type":"if","locations":[{"start":{"line":22,"column":2},"end":{"line":22,"column":44}},{"start":{},"end":{}}],"line":22},"1":{"loc":{"start":{"line":22,"column":6},"end":{"line":22,"column":30}},"type":"binary-expr","locations":[{"start":{"line":22,"column":6},"end":{"line":22,"column":12}},{"start":{"line":22,"column":16},"end":{"line":22,"column":30}}],"line":22},"2":{"loc":{"start":{"line":23,"column":2},"end":{"line":36,"column":3}},"type":"if","locations":[{"start":{"line":23,"column":2},"end":{"line":36,"column":3}},{"start":{},"end":{}}],"line":23},"3":{"loc":{"start":{"line":24,"column":4},"end":{"line":26,"column":43}},"type":"binary-expr","locations":[{"start":{"line":24,"column":4},"end":{"line":24,"column":22}},{"start":{"line":25,"column":4},"end":{"line":25,"column":29}},{"start":{"line":26,"column":4},"end":{"line":26,"column":43}}],"line":24}},"s":{"0":15,"1":15,"2":9,"3":0,"4":9,"5":0,"6":0,"7":9,"8":15,"9":15},"f":{"0":9,"1":0},"b":{"0":[0,9],"1":[9,9],"2":[0,9],"3":[9,0,0]},"_coverageSchema":"1a1c01bbd47fc00a2c39e90264f33305004495a9","hash":"949020036f8c49b43fc848e49248efa8c132d9a0"}
,"/Users/kenlivesey/Projects/pers-projects/div2-item-compare/frontend/components/ErrorMessage/index.js": {"path":"/Users/kenlivesey/Projects/pers-projects/div2-item-compare/frontend/components/ErrorMessage/index.js","statementMap":{},"fnMap":{},"branchMap":{},"s":{},"f":{},"b":{},"_coverageSchema":"1a1c01bbd47fc00a2c39e90264f33305004495a9","hash":"d9592888e82585e9bb3b990e6b89d40e332d07fb"}
,"/Users/kenlivesey/Projects/pers-projects/div2-item-compare/frontend/components/ExoticWeaponAttachment/ExoticWeaponAttachment.js": {"path":"/Users/kenlivesey/Projects/pers-projects/div2-item-compare/frontend/components/ExoticWeaponAttachment/ExoticWeaponAttachment.js","statementMap":{"0":{"start":{"line":2,"column":26},"end":{"line":2,"column":58}},"1":{"start":{"line":3,"column":2},"end":{"line":83,"column":4}},"2":{"start":{"line":50,"column":14},"end":{"line":77,"column":19}}},"fnMap":{"0":{"name":"ExoticWeaponAttachment","decl":{"start":{"line":1,"column":24},"end":{"line":1,"column":46}},"loc":{"start":{"line":1,"column":59},"end":{"line":84,"column":1}},"line":1},"1":{"name":"(anonymous_1)","decl":{"start":{"line":49,"column":47},"end":{"line":49,"column":48}},"loc":{"start":{"line":50,"column":14},"end":{"line":77,"column":19}},"line":50}},"branchMap":{"0":{"loc":{"start":{"line":18,"column":11},"end":{"line":31,"column":13}},"type":"binary-expr","locations":[{"start":{"line":18,"column":11},"end":{"line":18,"column":50}},{"start":{"line":19,"column":12},"end":{"line":19,"column":53}},{"start":{"line":20,"column":12},"end":{"line":20,"column":56}},{"start":{"line":21,"column":12},"end":{"line":21,"column":51}},{"start":{"line":22,"column":14},"end":{"line":30,"column":22}}],"line":18},"1":{"loc":{"start":{"line":33,"column":11},"end":{"line":46,"column":13}},"type":"binary-expr","locations":[{"start":{"line":33,"column":11},"end":{"line":33,"column":50}},{"start":{"line":34,"column":12},"end":{"line":34,"column":53}},{"start":{"line":35,"column":12},"end":{"line":35,"column":56}},{"start":{"line":36,"column":12},"end":{"line":36,"column":51}},{"start":{"line":37,"column":14},"end":{"line":45,"column":22}}],"line":33},"2":{"loc":{"start":{"line":53,"column":17},"end":{"line":58,"column":17}},"type":"binary-expr","locations":[{"start":{"line":53,"column":17},"end":{"line":53,"column":56}},{"start":{"line":54,"column":18},"end":{"line":57,"column":21}}],"line":53},"3":{"loc":{"start":{"line":56,"column":25},"end":{"line":56,"column":57}},"type":"binary-expr","locations":[{"start":{"line":56,"column":25},"end":{"line":56,"column":50}},{"start":{"line":56,"column":54},"end":{"line":56,"column":57}}],"line":56},"4":{"loc":{"start":{"line":59,"column":17},"end":{"line":64,"column":17}},"type":"binary-expr","locations":[{"start":{"line":59,"column":17},"end":{"line":59,"column":58}},{"start":{"line":60,"column":18},"end":{"line":63,"column":21}}],"line":59},"5":{"loc":{"start":{"line":62,"column":25},"end":{"line":62,"column":59}},"type":"binary-expr","locations":[{"start":{"line":62,"column":25},"end":{"line":62,"column":52}},{"start":{"line":62,"column":56},"end":{"line":62,"column":59}}],"line":62},"6":{"loc":{"start":{"line":65,"column":17},"end":{"line":70,"column":17}},"type":"binary-expr","locations":[{"start":{"line":65,"column":17},"end":{"line":65,"column":61}},{"start":{"line":66,"column":18},"end":{"line":69,"column":21}}],"line":65},"7":{"loc":{"start":{"line":68,"column":25},"end":{"line":68,"column":62}},"type":"binary-expr","locations":[{"start":{"line":68,"column":25},"end":{"line":68,"column":55}},{"start":{"line":68,"column":59},"end":{"line":68,"column":62}}],"line":68},"8":{"loc":{"start":{"line":71,"column":17},"end":{"line":76,"column":17}},"type":"binary-expr","locations":[{"start":{"line":71,"column":17},"end":{"line":71,"column":56}},{"start":{"line":72,"column":18},"end":{"line":75,"column":21}}],"line":71},"9":{"loc":{"start":{"line":74,"column":25},"end":{"line":74,"column":57}},"type":"binary-expr","locations":[{"start":{"line":74,"column":25},"end":{"line":74,"column":50}},{"start":{"line":74,"column":54},"end":{"line":74,"column":57}}],"line":74}},"s":{"0":4,"1":0,"2":0},"f":{"0":4,"1":0},"b":{"0":[0,0,0,0,0],"1":[0,0,0,0,0],"2":[0,0],"3":[0,0],"4":[0,0],"5":[0,0],"6":[0,0],"7":[0,0],"8":[0,0],"9":[0,0]},"_coverageSchema":"1a1c01bbd47fc00a2c39e90264f33305004495a9","hash":"ed17c24246801eb99af126078fd4f83e43303270"}
,"/Users/kenlivesey/Projects/pers-projects/div2-item-compare/frontend/components/FlavourText/FlavourText.js": {"path":"/Users/kenlivesey/Projects/pers-projects/div2-item-compare/frontend/components/FlavourText/FlavourText.js","statementMap":{"0":{"start":{"line":2,"column":2},"end":{"line":6,"column":4}}},"fnMap":{"0":{"name":"FlavourText","decl":{"start":{"line":1,"column":24},"end":{"line":1,"column":35}},"loc":{"start":{"line":1,"column":48},"end":{"line":7,"column":1}},"line":1}},"branchMap":{"0":{"loc":{"start":{"line":3,"column":4},"end":{"line":5,"column":5}},"type":"binary-expr","locations":[{"start":{"line":3,"column":5},"end":{"line":3,"column":30}},{"start":{"line":3,"column":34},"end":{"line":3,"column":38}},{"start":{"line":4,"column":6},"end":{"line":4,"column":51}}],"line":3}},"s":{"0":16},"f":{"0":16},"b":{"0":[16,0,16]},"_coverageSchema":"1a1c01bbd47fc00a2c39e90264f33305004495a9","hash":"ba030ee706cfa10c79d94f13faa379e24c27a27f"}
,"/Users/kenlivesey/Projects/pers-projects/div2-item-compare/frontend/components/FlavourText/index.js": {"path":"/Users/kenlivesey/Projects/pers-projects/div2-item-compare/frontend/components/FlavourText/index.js","statementMap":{},"fnMap":{},"branchMap":{},"s":{},"f":{},"b":{},"_coverageSchema":"1a1c01bbd47fc00a2c39e90264f33305004495a9","hash":"5a608625ed066efcb6c235939c18ead2e11c2b0e"}
,"/Users/kenlivesey/Projects/pers-projects/div2-item-compare/frontend/components/HeadSEOTag/HeadSEOTag.js": {"path":"/Users/kenlivesey/Projects/pers-projects/div2-item-compare/frontend/components/HeadSEOTag/HeadSEOTag.js","statementMap":{"0":{"start":{"line":6,"column":2},"end":{"line":6,"column":37}},"1":{"start":{"line":6,"column":21},"end":{"line":6,"column":37}},"2":{"start":{"line":8,"column":2},"end":{"line":9,"column":48}},"3":{"start":{"line":9,"column":4},"end":{"line":9,"column":48}},"4":{"start":{"line":11,"column":2},"end":{"line":11,"column":73}},"5":{"start":{"line":11,"column":53},"end":{"line":11,"column":73}},"6":{"start":{"line":13,"column":2},"end":{"line":14,"column":23}},"7":{"start":{"line":14,"column":4},"end":{"line":14,"column":23}},"8":{"start":{"line":16,"column":2},"end":{"line":17,"column":35}},"9":{"start":{"line":17,"column":4},"end":{"line":17,"column":35}},"10":{"start":{"line":19,"column":2},"end":{"line":20,"column":35}},"11":{"start":{"line":20,"column":4},"end":{"line":20,"column":35}},"12":{"start":{"line":22,"column":2},"end":{"line":26,"column":4}}},"fnMap":{"0":{"name":"HeadSEOTag","decl":{"start":{"line":4,"column":24},"end":{"line":4,"column":34}},"loc":{"start":{"line":4,"column":53},"end":{"line":27,"column":1}},"line":4}},"branchMap":{"0":{"loc":{"start":{"line":6,"column":2},"end":{"line":6,"column":37}},"type":"if","locations":[{"start":{"line":6,"column":2},"end":{"line":6,"column":37}},{"start":{},"end":{}}],"line":6},"1":{"loc":{"start":{"line":8,"column":2},"end":{"line":9,"column":48}},"type":"if","locations":[{"start":{"line":8,"column":2},"end":{"line":9,"column":48}},{"start":{},"end":{}}],"line":8},"2":{"loc":{"start":{"line":8,"column":6},"end":{"line":8,"column":58}},"type":"binary-expr","locations":[{"start":{"line":8,"column":6},"end":{"line":8,"column":19}},{"start":{"line":8,"column":23},"end":{"line":8,"column":58}}],"line":8},"3":{"loc":{"start":{"line":11,"column":2},"end":{"line":11,"column":73}},"type":"if","locations":[{"start":{"line":11,"column":2},"end":{"line":11,"column":73}},{"start":{},"end":{}}],"line":11},"4":{"loc":{"start":{"line":11,"column":6},"end":{"line":11,"column":51}},"type":"binary-expr","locations":[{"start":{"line":11,"column":6},"end":{"line":11,"column":19}},{"start":{"line":11,"column":23},"end":{"line":11,"column":51}}],"line":11},"5":{"loc":{"start":{"line":13,"column":2},"end":{"line":14,"column":23}},"type":"if","locations":[{"start":{"line":13,"column":2},"end":{"line":14,"column":23}},{"start":{},"end":{}}],"line":13},"6":{"loc":{"start":{"line":13,"column":6},"end":{"line":13,"column":62}},"type":"binary-expr","locations":[{"start":{"line":13,"column":6},"end":{"line":13,"column":19}},{"start":{"line":13,"column":23},"end":{"line":13,"column":62}}],"line":13},"7":{"loc":{"start":{"line":16,"column":2},"end":{"line":17,"column":35}},"type":"if","locations":[{"start":{"line":16,"column":2},"end":{"line":17,"column":35}},{"start":{},"end":{}}],"line":16},"8":{"loc":{"start":{"line":16,"column":6},"end":{"line":16,"column":57}},"type":"binary-expr","locations":[{"start":{"line":16,"column":6},"end":{"line":16,"column":19}},{"start":{"line":16,"column":23},"end":{"line":16,"column":57}}],"line":16},"9":{"loc":{"start":{"line":19,"column":2},"end":{"line":20,"column":35}},"type":"if","locations":[{"start":{"line":19,"column":2},"end":{"line":20,"column":35}},{"start":{},"end":{}}],"line":19},"10":{"loc":{"start":{"line":19,"column":6},"end":{"line":19,"column":57}},"type":"binary-expr","locations":[{"start":{"line":19,"column":6},"end":{"line":19,"column":19}},{"start":{"line":19,"column":23},"end":{"line":19,"column":57}}],"line":19}},"s":{"0":17,"1":0,"2":17,"3":1,"4":17,"5":16,"6":17,"7":0,"8":17,"9":0,"10":17,"11":0,"12":17},"f":{"0":17},"b":{"0":[0,17],"1":[1,16],"2":[17,17],"3":[16,1],"4":[17,17],"5":[0,17],"6":[17,17],"7":[0,17],"8":[17,17],"9":[0,17],"10":[17,17]},"_coverageSchema":"1a1c01bbd47fc00a2c39e90264f33305004495a9","hash":"5ee4dd6fe4e6f6d4af778f014150a22511b6daf5"}
,"/Users/kenlivesey/Projects/pers-projects/div2-item-compare/frontend/components/HeadSEOTag/index.js": {"path":"/Users/kenlivesey/Projects/pers-projects/div2-item-compare/frontend/components/HeadSEOTag/index.js","statementMap":{},"fnMap":{},"branchMap":{},"s":{},"f":{},"b":{},"_coverageSchema":"1a1c01bbd47fc00a2c39e90264f33305004495a9","hash":"cdaa7a93c837a99fcb98d02c7d4bc073de7ea693"}
,"/Users/kenlivesey/Projects/pers-projects/div2-item-compare/frontend/components/LinkSmallBrand/LinkSmallBrand.js": {"path":"/Users/kenlivesey/Projects/pers-projects/div2-item-compare/frontend/components/LinkSmallBrand/LinkSmallBrand.js","statementMap":{"0":{"start":{"line":4,"column":26},"end":{"line":33,"column":1}},"1":{"start":{"line":35,"column":25},"end":{"line":50,"column":1}},"2":{"start":{"line":53,"column":19},"end":{"line":53,"column":44}},"3":{"start":{"line":55,"column":2},"end":{"line":72,"column":4}}},"fnMap":{"0":{"name":"LinkSmallBrand","decl":{"start":{"line":52,"column":24},"end":{"line":52,"column":38}},"loc":{"start":{"line":52,"column":50},"end":{"line":73,"column":1}},"line":52}},"branchMap":{},"s":{"0":11,"1":11,"2":0,"3":0},"f":{"0":0},"b":{},"_coverageSchema":"1a1c01bbd47fc00a2c39e90264f33305004495a9","hash":"e67af60d08bd55e0585502fe53e57722e7e53da9"}
,"/Users/kenlivesey/Projects/pers-projects/div2-item-compare/frontend/components/LinkSmallBrand/index.js": {"path":"/Users/kenlivesey/Projects/pers-projects/div2-item-compare/frontend/components/LinkSmallBrand/index.js","statementMap":{},"fnMap":{},"branchMap":{},"s":{},"f":{},"b":{},"_coverageSchema":"1a1c01bbd47fc00a2c39e90264f33305004495a9","hash":"dbaa81f3285a6a5ae7e5e07c3b0400446f3da886"}
,"/Users/kenlivesey/Projects/pers-projects/div2-item-compare/frontend/components/LinkSmallPiece/LinkSmallPiece.js": {"path":"/Users/kenlivesey/Projects/pers-projects/div2-item-compare/frontend/components/LinkSmallPiece/LinkSmallPiece.js","statementMap":{"0":{"start":{"line":9,"column":21},"end":{"line":9,"column":23}},"1":{"start":{"line":12,"column":2},"end":{"line":24,"column":3}},"2":{"start":{"line":18,"column":4},"end":{"line":23,"column":7}},"3":{"start":{"line":26,"column":2},"end":{"line":38,"column":3}},"4":{"start":{"line":32,"column":4},"end":{"line":37,"column":7}},"5":{"start":{"line":41,"column":2},"end":{"line":53,"column":3}},"6":{"start":{"line":47,"column":4},"end":{"line":52,"column":7}},"7":{"start":{"line":55,"column":2},"end":{"line":67,"column":3}},"8":{"start":{"line":61,"column":4},"end":{"line":66,"column":7}},"9":{"start":{"line":70,"column":2},"end":{"line":80,"column":3}},"10":{"start":{"line":71,"column":4},"end":{"line":79,"column":7}},"11":{"start":{"line":82,"column":2},"end":{"line":89,"column":3}},"12":{"start":{"line":83,"column":4},"end":{"line":88,"column":7}},"13":{"start":{"line":92,"column":2},"end":{"line":101,"column":3}},"14":{"start":{"line":93,"column":4},"end":{"line":100,"column":7}},"15":{"start":{"line":103,"column":2},"end":{"line":112,"column":3}},"16":{"start":{"line":104,"column":4},"end":{"line":111,"column":7}},"17":{"start":{"line":114,"column":2},"end":{"line":135,"column":4}},"18":{"start":{"line":120,"column":14},"end":{"line":129,"column":27}}},"fnMap":{"0":{"name":"LinkSmallPiece","decl":{"start":{"line":8,"column":24},"end":{"line":8,"column":38}},"loc":{"start":{"line":8,"column":50},"end":{"line":136,"column":1}},"line":8},"1":{"name":"(anonymous_1)","decl":{"start":{"line":119,"column":28},"end":{"line":119,"column":29}},"loc":{"start":{"line":120,"column":14},"end":{"line":129,"column":27}},"line":120}},"branchMap":{"0":{"loc":{"start":{"line":12,"column":2},"end":{"line":24,"column":3}},"type":"if","locations":[{"start":{"line":12,"column":2},"end":{"line":24,"column":3}},{"start":{},"end":{}}],"line":12},"1":{"loc":{"start":{"line":13,"column":4},"end":{"line":16,"column":27}},"type":"binary-expr","locations":[{"start":{"line":13,"column":4},"end":{"line":13,"column":37}},{"start":{"line":14,"column":4},"end":{"line":14,"column":27}},{"start":{"line":15,"column":4},"end":{"line":15,"column":26}},{"start":{"line":16,"column":4},"end":{"line":16,"column":27}}],"line":13},"2":{"loc":{"start":{"line":26,"column":2},"end":{"line":38,"column":3}},"type":"if","locations":[{"start":{"line":26,"column":2},"end":{"line":38,"column":3}},{"start":{},"end":{}}],"line":26},"3":{"loc":{"start":{"line":27,"column":4},"end":{"line":30,"column":27}},"type":"binary-expr","locations":[{"start":{"line":27,"column":4},"end":{"line":27,"column":39}},{"start":{"line":28,"column":4},"end":{"line":28,"column":27}},{"start":{"line":29,"column":4},"end":{"line":29,"column":26}},{"start":{"line":30,"column":4},"end":{"line":30,"column":27}}],"line":27},"4":{"loc":{"start":{"line":41,"column":2},"end":{"line":53,"column":3}},"type":"if","locations":[{"start":{"line":41,"column":2},"end":{"line":53,"column":3}},{"start":{},"end":{}}],"line":41},"5":{"loc":{"start":{"line":42,"column":4},"end":{"line":45,"column":27}},"type":"binary-expr","locations":[{"start":{"line":42,"column":4},"end":{"line":42,"column":37}},{"start":{"line":43,"column":4},"end":{"line":43,"column":30}},{"start":{"line":44,"column":4},"end":{"line":44,"column":26}},{"start":{"line":45,"column":4},"end":{"line":45,"column":27}}],"line":42},"6":{"loc":{"start":{"line":55,"column":2},"end":{"line":67,"column":3}},"type":"if","locations":[{"start":{"line":55,"column":2},"end":{"line":67,"column":3}},{"start":{},"end":{}}],"line":55},"7":{"loc":{"start":{"line":56,"column":4},"end":{"line":59,"column":27}},"type":"binary-expr","locations":[{"start":{"line":56,"column":4},"end":{"line":56,"column":39}},{"start":{"line":57,"column":4},"end":{"line":57,"column":30}},{"start":{"line":58,"column":4},"end":{"line":58,"column":26}},{"start":{"line":59,"column":4},"end":{"line":59,"column":27}}],"line":56},"8":{"loc":{"start":{"line":70,"column":2},"end":{"line":80,"column":3}},"type":"if","locations":[{"start":{"line":70,"column":2},"end":{"line":80,"column":3}},{"start":{},"end":{}}],"line":70},"9":{"loc":{"start":{"line":70,"column":6},"end":{"line":70,"column":66}},"type":"binary-expr","locations":[{"start":{"line":70,"column":6},"end":{"line":70,"column":39}},{"start":{"line":70,"column":43},"end":{"line":70,"column":66}}],"line":70},"10":{"loc":{"start":{"line":75,"column":8},"end":{"line":76,"column":60}},"type":"binary-expr","locations":[{"start":{"line":75,"column":8},"end":{"line":75,"column":47}},{"start":{"line":76,"column":9},"end":{"line":76,"column":59}}],"line":75},"11":{"loc":{"start":{"line":76,"column":9},"end":{"line":76,"column":59}},"type":"cond-expr","locations":[{"start":{"line":76,"column":35},"end":{"line":76,"column":44}},{"start":{"line":76,"column":47},"end":{"line":76,"column":59}}],"line":76},"12":{"loc":{"start":{"line":82,"column":2},"end":{"line":89,"column":3}},"type":"if","locations":[{"start":{"line":82,"column":2},"end":{"line":89,"column":3}},{"start":{},"end":{}}],"line":82},"13":{"loc":{"start":{"line":82,"column":6},"end":{"line":82,"column":68}},"type":"binary-expr","locations":[{"start":{"line":82,"column":6},"end":{"line":82,"column":41}},{"start":{"line":82,"column":45},"end":{"line":82,"column":68}}],"line":82},"14":{"loc":{"start":{"line":86,"column":16},"end":{"line":86,"column":66}},"type":"cond-expr","locations":[{"start":{"line":86,"column":42},"end":{"line":86,"column":51}},{"start":{"line":86,"column":54},"end":{"line":86,"column":66}}],"line":86},"15":{"loc":{"start":{"line":92,"column":2},"end":{"line":101,"column":3}},"type":"if","locations":[{"start":{"line":92,"column":2},"end":{"line":101,"column":3}},{"start":{},"end":{}}],"line":92},"16":{"loc":{"start":{"line":92,"column":6},"end":{"line":92,"column":67}},"type":"binary-expr","locations":[{"start":{"line":92,"column":6},"end":{"line":92,"column":39}},{"start":{"line":92,"column":43},"end":{"line":92,"column":67}}],"line":92},"17":{"loc":{"start":{"line":98,"column":16},"end":{"line":98,"column":66}},"type":"cond-expr","locations":[{"start":{"line":98,"column":42},"end":{"line":98,"column":51}},{"start":{"line":98,"column":54},"end":{"line":98,"column":66}}],"line":98},"18":{"loc":{"start":{"line":103,"column":2},"end":{"line":112,"column":3}},"type":"if","locations":[{"start":{"line":103,"column":2},"end":{"line":112,"column":3}},{"start":{},"end":{}}],"line":103},"19":{"loc":{"start":{"line":103,"column":6},"end":{"line":103,"column":69}},"type":"binary-expr","locations":[{"start":{"line":103,"column":6},"end":{"line":103,"column":41}},{"start":{"line":103,"column":45},"end":{"line":103,"column":69}}],"line":103},"20":{"loc":{"start":{"line":109,"column":16},"end":{"line":109,"column":66}},"type":"cond-expr","locations":[{"start":{"line":109,"column":42},"end":{"line":109,"column":51}},{"start":{"line":109,"column":54},"end":{"line":109,"column":66}}],"line":109},"21":{"loc":{"start":{"line":116,"column":7},"end":{"line":133,"column":7}},"type":"binary-expr","locations":[{"start":{"line":116,"column":8},"end":{"line":116,"column":41}},{"start":{"line":116,"column":45},"end":{"line":116,"column":59}},{"start":{"line":117,"column":8},"end":{"line":132,"column":11}}],"line":116}},"s":{"0":2,"1":2,"2":0,"3":2,"4":1,"5":2,"6":0,"7":2,"8":1,"9":2,"10":0,"11":2,"12":0,"13":2,"14":0,"15":2,"16":0,"17":2,"18":2},"f":{"0":2,"1":2},"b":{"0":[0,2],"1":[2,0,0,0],"2":[1,1],"3":[2,2,1,1],"4":[0,2],"5":[2,0,0,0],"6":[1,1],"7":[2,2,1,1],"8":[0,2],"9":[2,0],"10":[0,0],"11":[0,0],"12":[0,2],"13":[2,2],"14":[0,0],"15":[0,2],"16":[2,0],"17":[0,0],"18":[0,2],"19":[2,2],"20":[0,0],"21":[2,2,2]},"_coverageSchema":"1a1c01bbd47fc00a2c39e90264f33305004495a9","hash":"c97c506629875deb611c4fb932356ede782535f0"}
,"/Users/kenlivesey/Projects/pers-projects/div2-item-compare/frontend/components/LinkSmallPiece/index.js": {"path":"/Users/kenlivesey/Projects/pers-projects/div2-item-compare/frontend/components/LinkSmallPiece/index.js","statementMap":{},"fnMap":{},"branchMap":{},"s":{},"f":{},"b":{},"_coverageSchema":"1a1c01bbd47fc00a2c39e90264f33305004495a9","hash":"6ae4da20efe02c331159c580956c1b157fd63b2d"}
,"/Users/kenlivesey/Projects/pers-projects/div2-item-compare/frontend/components/LinkSmallWeapon/LinkSmallWeapon.js": {"path":"/Users/kenlivesey/Projects/pers-projects/div2-item-compare/frontend/components/LinkSmallWeapon/LinkSmallWeapon.js","statementMap":{"0":{"start":{"line":15,"column":21},"end":{"line":15,"column":23}},"1":{"start":{"line":18,"column":2},"end":{"line":29,"column":3}},"2":{"start":{"line":23,"column":4},"end":{"line":28,"column":7}},"3":{"start":{"line":31,"column":2},"end":{"line":42,"column":3}},"4":{"start":{"line":36,"column":4},"end":{"line":41,"column":7}},"5":{"start":{"line":44,"column":2},"end":{"line":55,"column":3}},"6":{"start":{"line":49,"column":4},"end":{"line":54,"column":7}},"7":{"start":{"line":57,"column":2},"end":{"line":68,"column":3}},"8":{"start":{"line":62,"column":4},"end":{"line":67,"column":7}},"9":{"start":{"line":70,"column":2},"end":{"line":81,"column":3}},"10":{"start":{"line":75,"column":4},"end":{"line":80,"column":7}},"11":{"start":{"line":83,"column":2},"end":{"line":94,"column":3}},"12":{"start":{"line":88,"column":4},"end":{"line":93,"column":7}},"13":{"start":{"line":96,"column":2},"end":{"line":107,"column":3}},"14":{"start":{"line":101,"column":4},"end":{"line":106,"column":7}},"15":{"start":{"line":110,"column":2},"end":{"line":122,"column":3}},"16":{"start":{"line":114,"column":4},"end":{"line":121,"column":6}},"17":{"start":{"line":115,"column":6},"end":{"line":120,"column":8}},"18":{"start":{"line":124,"column":2},"end":{"line":151,"column":4}},"19":{"start":{"line":138,"column":10},"end":{"line":147,"column":23}}},"fnMap":{"0":{"name":"LinkSmallWeapon","decl":{"start":{"line":14,"column":24},"end":{"line":14,"column":39}},"loc":{"start":{"line":14,"column":52},"end":{"line":152,"column":1}},"line":14},"1":{"name":"(anonymous_1)","decl":{"start":{"line":114,"column":26},"end":{"line":114,"column":27}},"loc":{"start":{"line":115,"column":6},"end":{"line":120,"column":8}},"line":115},"2":{"name":"(anonymous_2)","decl":{"start":{"line":137,"column":24},"end":{"line":137,"column":25}},"loc":{"start":{"line":138,"column":10},"end":{"line":147,"column":23}},"line":138}},"branchMap":{"0":{"loc":{"start":{"line":18,"column":2},"end":{"line":29,"column":3}},"type":"if","locations":[{"start":{"line":18,"column":2},"end":{"line":29,"column":3}},{"start":{},"end":{}}],"line":18},"1":{"loc":{"start":{"line":19,"column":4},"end":{"line":21,"column":28}},"type":"binary-expr","locations":[{"start":{"line":19,"column":4},"end":{"line":19,"column":33}},{"start":{"line":20,"column":4},"end":{"line":20,"column":27}},{"start":{"line":21,"column":4},"end":{"line":21,"column":28}}],"line":19},"2":{"loc":{"start":{"line":31,"column":2},"end":{"line":42,"column":3}},"type":"if","locations":[{"start":{"line":31,"column":2},"end":{"line":42,"column":3}},{"start":{},"end":{}}],"line":31},"3":{"loc":{"start":{"line":32,"column":4},"end":{"line":34,"column":28}},"type":"binary-expr","locations":[{"start":{"line":32,"column":4},"end":{"line":32,"column":34}},{"start":{"line":33,"column":4},"end":{"line":33,"column":27}},{"start":{"line":34,"column":4},"end":{"line":34,"column":28}}],"line":32},"4":{"loc":{"start":{"line":44,"column":2},"end":{"line":55,"column":3}},"type":"if","locations":[{"start":{"line":44,"column":2},"end":{"line":55,"column":3}},{"start":{},"end":{}}],"line":44},"5":{"loc":{"start":{"line":45,"column":4},"end":{"line":47,"column":28}},"type":"binary-expr","locations":[{"start":{"line":45,"column":4},"end":{"line":45,"column":34}},{"start":{"line":46,"column":4},"end":{"line":46,"column":27}},{"start":{"line":47,"column":4},"end":{"line":47,"column":28}}],"line":45},"6":{"loc":{"start":{"line":57,"column":2},"end":{"line":68,"column":3}},"type":"if","locations":[{"start":{"line":57,"column":2},"end":{"line":68,"column":3}},{"start":{},"end":{}}],"line":57},"7":{"loc":{"start":{"line":58,"column":4},"end":{"line":60,"column":28}},"type":"binary-expr","locations":[{"start":{"line":58,"column":4},"end":{"line":58,"column":37}},{"start":{"line":59,"column":4},"end":{"line":59,"column":27}},{"start":{"line":60,"column":4},"end":{"line":60,"column":28}}],"line":58},"8":{"loc":{"start":{"line":70,"column":2},"end":{"line":81,"column":3}},"type":"if","locations":[{"start":{"line":70,"column":2},"end":{"line":81,"column":3}},{"start":{},"end":{}}],"line":70},"9":{"loc":{"start":{"line":71,"column":4},"end":{"line":73,"column":28}},"type":"binary-expr","locations":[{"start":{"line":71,"column":4},"end":{"line":71,"column":36}},{"start":{"line":72,"column":4},"end":{"line":72,"column":27}},{"start":{"line":73,"column":4},"end":{"line":73,"column":28}}],"line":71},"10":{"loc":{"start":{"line":83,"column":2},"end":{"line":94,"column":3}},"type":"if","locations":[{"start":{"line":83,"column":2},"end":{"line":94,"column":3}},{"start":{},"end":{}}],"line":83},"11":{"loc":{"start":{"line":84,"column":4},"end":{"line":86,"column":28}},"type":"binary-expr","locations":[{"start":{"line":84,"column":4},"end":{"line":84,"column":38}},{"start":{"line":85,"column":4},"end":{"line":85,"column":27}},{"start":{"line":86,"column":4},"end":{"line":86,"column":28}}],"line":84},"12":{"loc":{"start":{"line":96,"column":2},"end":{"line":107,"column":3}},"type":"if","locations":[{"start":{"line":96,"column":2},"end":{"line":107,"column":3}},{"start":{},"end":{}}],"line":96},"13":{"loc":{"start":{"line":97,"column":4},"end":{"line":99,"column":28}},"type":"binary-expr","locations":[{"start":{"line":97,"column":4},"end":{"line":97,"column":34}},{"start":{"line":98,"column":4},"end":{"line":98,"column":27}},{"start":{"line":99,"column":4},"end":{"line":99,"column":28}}],"line":97},"14":{"loc":{"start":{"line":110,"column":2},"end":{"line":122,"column":3}},"type":"if","locations":[{"start":{"line":110,"column":2},"end":{"line":122,"column":3}},{"start":{},"end":{}}],"line":110},"15":{"loc":{"start":{"line":111,"column":4},"end":{"line":112,"column":59}},"type":"binary-expr","locations":[{"start":{"line":111,"column":4},"end":{"line":111,"column":40}},{"start":{"line":112,"column":5},"end":{"line":112,"column":29}},{"start":{"line":112,"column":33},"end":{"line":112,"column":58}}],"line":111},"16":{"loc":{"start":{"line":127,"column":9},"end":{"line":131,"column":9}},"type":"binary-expr","locations":[{"start":{"line":127,"column":9},"end":{"line":127,"column":31}},{"start":{"line":128,"column":10},"end":{"line":130,"column":16}}],"line":127},"17":{"loc":{"start":{"line":132,"column":9},"end":{"line":136,"column":9}},"type":"binary-expr","locations":[{"start":{"line":132,"column":9},"end":{"line":132,"column":31}},{"start":{"line":133,"column":10},"end":{"line":135,"column":16}}],"line":132}},"s":{"0":1,"1":1,"2":1,"3":1,"4":1,"5":1,"6":1,"7":1,"8":1,"9":1,"10":1,"11":1,"12":1,"13":1,"14":1,"15":1,"16":0,"17":0,"18":1,"19":7},"f":{"0":1,"1":0,"2":7},"b":{"0":[1,0],"1":[1,1,1],"2":[1,0],"3":[1,1,1],"4":[1,0],"5":[1,1,1],"6":[1,0],"7":[1,1,1],"8":[1,0],"9":[1,1,1],"10":[1,0],"11":[1,1,1],"12":[1,0],"13":[1,1,1],"14":[0,1],"15":[1,1,1],"16":[1,1],"17":[1,0]},"_coverageSchema":"1a1c01bbd47fc00a2c39e90264f33305004495a9","hash":"5ef90d2dbcd9e00b108bf2a3105dbb43e359754c"}
,"/Users/kenlivesey/Projects/pers-projects/div2-item-compare/frontend/components/LinkSmallWeapon/index.js": {"path":"/Users/kenlivesey/Projects/pers-projects/div2-item-compare/frontend/components/LinkSmallWeapon/index.js","statementMap":{},"fnMap":{},"branchMap":{},"s":{},"f":{},"b":{},"_coverageSchema":"1a1c01bbd47fc00a2c39e90264f33305004495a9","hash":"a113dbbaf8d81f68887978f97a3e7d8f27506314"}
,"/Users/kenlivesey/Projects/pers-projects/div2-item-compare/frontend/components/LinkSmallWeaponTalent/LinkSmallWeaponTalent.js": {"path":"/Users/kenlivesey/Projects/pers-projects/div2-item-compare/frontend/components/LinkSmallWeaponTalent/LinkSmallWeaponTalent.js","statementMap":{"0":{"start":{"line":6,"column":2},"end":{"line":37,"column":4}},"1":{"start":{"line":18,"column":14},"end":{"line":31,"column":27}}},"fnMap":{"0":{"name":"LinkSmallWeaponTalent","decl":{"start":{"line":5,"column":24},"end":{"line":5,"column":45}},"loc":{"start":{"line":5,"column":58},"end":{"line":38,"column":1}},"line":5},"1":{"name":"(anonymous_1)","decl":{"start":{"line":17,"column":37},"end":{"line":17,"column":38}},"loc":{"start":{"line":18,"column":14},"end":{"line":31,"column":27}},"line":18}},"branchMap":{"0":{"loc":{"start":{"line":8,"column":7},"end":{"line":35,"column":7}},"type":"binary-expr","locations":[{"start":{"line":8,"column":7},"end":{"line":8,"column":33}},{"start":{"line":9,"column":8},"end":{"line":34,"column":11}}],"line":8},"1":{"loc":{"start":{"line":27,"column":20},"end":{"line":27,"column":80}},"type":"binary-expr","locations":[{"start":{"line":27,"column":20},"end":{"line":27,"column":60}},{"start":{"line":27,"column":64},"end":{"line":27,"column":80}}],"line":27}},"s":{"0":17,"1":19},"f":{"0":17,"1":19},"b":{"0":[17,17],"1":[19,0]},"_coverageSchema":"1a1c01bbd47fc00a2c39e90264f33305004495a9","hash":"6fb395ca2f5d0eb7141106895e0a5ddb0386df28"}
,"/Users/kenlivesey/Projects/pers-projects/div2-item-compare/frontend/components/LinkSmallWeaponTalent/index.js": {"path":"/Users/kenlivesey/Projects/pers-projects/div2-item-compare/frontend/components/LinkSmallWeaponTalent/index.js","statementMap":{},"fnMap":{},"branchMap":{},"s":{},"f":{},"b":{},"_coverageSchema":"1a1c01bbd47fc00a2c39e90264f33305004495a9","hash":"8f1579c883f2ecf448eb8650f2f7b0e911303fa1"}
,"/Users/kenlivesey/Projects/pers-projects/div2-item-compare/frontend/components/Pagination/Pagination.js": {"path":"/Users/kenlivesey/Projects/pers-projects/div2-item-compare/frontend/components/Pagination/Pagination.js","statementMap":{"0":{"start":{"line":8,"column":41},"end":{"line":12,"column":1}},"1":{"start":{"line":14,"column":32},"end":{"line":48,"column":1}},"2":{"start":{"line":50,"column":39},"end":{"line":64,"column":1}},"3":{"start":{"line":67,"column":19},"end":{"line":67,"column":65}},"4":{"start":{"line":68,"column":18},"end":{"line":68,"column":63}},"5":{"start":{"line":70,"column":20},"end":{"line":70,"column":45}},"6":{"start":{"line":71,"column":2},"end":{"line":71,"column":58}},"7":{"start":{"line":71,"column":39},"end":{"line":71,"column":58}},"8":{"start":{"line":72,"column":2},"end":{"line":72,"column":57}},"9":{"start":{"line":72,"column":38},"end":{"line":72,"column":57}},"10":{"start":{"line":74,"column":35},"end":{"line":80,"column":4}},"11":{"start":{"line":82,"column":2},"end":{"line":82,"column":36}},"12":{"start":{"line":82,"column":15},"end":{"line":82,"column":36}},"13":{"start":{"line":83,"column":2},"end":{"line":83,"column":51}},"14":{"start":{"line":83,"column":13},"end":{"line":83,"column":51}},"15":{"start":{"line":85,"column":20},"end":{"line":85,"column":40}},"16":{"start":{"line":86,"column":20},"end":{"line":86,"column":46}},"17":{"start":{"line":88,"column":2},"end":{"line":106,"column":4}}},"fnMap":{"0":{"name":"Pagination","decl":{"start":{"line":66,"column":24},"end":{"line":66,"column":34}},"loc":{"start":{"line":66,"column":70},"end":{"line":107,"column":1}},"line":66}},"branchMap":{"0":{"loc":{"start":{"line":67,"column":19},"end":{"line":67,"column":65}},"type":"cond-expr","locations":[{"start":{"line":67,"column":53},"end":{"line":67,"column":57}},{"start":{"line":67,"column":60},"end":{"line":67,"column":65}}],"line":67},"1":{"loc":{"start":{"line":68,"column":18},"end":{"line":68,"column":63}},"type":"cond-expr","locations":[{"start":{"line":68,"column":51},"end":{"line":68,"column":55}},{"start":{"line":68,"column":58},"end":{"line":68,"column":63}}],"line":68},"2":{"loc":{"start":{"line":71,"column":2},"end":{"line":71,"column":58}},"type":"if","locations":[{"start":{"line":71,"column":2},"end":{"line":71,"column":58}},{"start":{},"end":{}}],"line":71},"3":{"loc":{"start":{"line":72,"column":2},"end":{"line":72,"column":57}},"type":"if","locations":[{"start":{"line":72,"column":2},"end":{"line":72,"column":57}},{"start":{},"end":{}}],"line":72},"4":{"loc":{"start":{"line":82,"column":2},"end":{"line":82,"column":36}},"type":"if","locations":[{"start":{"line":82,"column":2},"end":{"line":82,"column":36}},{"start":{},"end":{}}],"line":82},"5":{"loc":{"start":{"line":83,"column":2},"end":{"line":83,"column":51}},"type":"if","locations":[{"start":{"line":83,"column":2},"end":{"line":83,"column":51}},{"start":{},"end":{}}],"line":83}},"s":{"0":15,"1":15,"2":15,"3":0,"4":0,"5":0,"6":0,"7":0,"8":0,"9":0,"10":0,"11":0,"12":0,"13":0,"14":0,"15":0,"16":0,"17":0},"f":{"0":0},"b":{"0":[0,0],"1":[0,0],"2":[0,0],"3":[0,0],"4":[0,0],"5":[0,0]},"_coverageSchema":"1a1c01bbd47fc00a2c39e90264f33305004495a9","hash":"003dfc22ce8d81cef316b5c916ce49f588cb85da"}
,"/Users/kenlivesey/Projects/pers-projects/div2-item-compare/frontend/components/Pagination/index.js": {"path":"/Users/kenlivesey/Projects/pers-projects/div2-item-compare/frontend/components/Pagination/index.js","statementMap":{},"fnMap":{},"branchMap":{},"s":{},"f":{},"b":{},"_coverageSchema":"1a1c01bbd47fc00a2c39e90264f33305004495a9","hash":"e9d4ebaf17941d39865ea5a17f0d23f984d9d8ec"}
,"/Users/kenlivesey/Projects/pers-projects/div2-item-compare/frontend/components/SingleArmourPiece/SingleArmourPiece.js": {"path":"/Users/kenlivesey/Projects/pers-projects/div2-item-compare/frontend/components/SingleArmourPiece/SingleArmourPiece.js","statementMap":{"0":{"start":{"line":8,"column":35},"end":{"line":189,"column":1}},"1":{"start":{"line":191,"column":41},"end":{"line":277,"column":1}},"2":{"start":{"line":279,"column":48},"end":{"line":319,"column":1}},"3":{"start":{"line":322,"column":2},"end":{"line":811,"column":4}}},"fnMap":{"0":{"name":"SingleArmourPiece","decl":{"start":{"line":321,"column":24},"end":{"line":321,"column":41}},"loc":{"start":{"line":321,"column":59},"end":{"line":812,"column":1}},"line":321}},"branchMap":{"0":{"loc":{"start":{"line":336,"column":13},"end":{"line":340,"column":13}},"type":"binary-expr","locations":[{"start":{"line":336,"column":13},"end":{"line":336,"column":45}},{"start":{"line":337,"column":14},"end":{"line":339,"column":27}}],"line":336},"1":{"loc":{"start":{"line":342,"column":13},"end":{"line":344,"column":13}},"type":"binary-expr","locations":[{"start":{"line":342,"column":13},"end":{"line":342,"column":37}},{"start":{"line":343,"column":14},"end":{"line":343,"column":64}}],"line":342},"2":{"loc":{"start":{"line":350,"column":11},"end":{"line":435,"column":11}},"type":"binary-expr","locations":[{"start":{"line":350,"column":11},"end":{"line":350,"column":57}},{"start":{"line":351,"column":12},"end":{"line":434,"column":18}}],"line":350},"3":{"loc":{"start":{"line":368,"column":19},"end":{"line":376,"column":19}},"type":"binary-expr","locations":[{"start":{"line":368,"column":19},"end":{"line":368,"column":45}},{"start":{"line":369,"column":20},"end":{"line":375,"column":23}}],"line":368},"4":{"loc":{"start":{"line":379,"column":17},"end":{"line":397,"column":17}},"type":"binary-expr","locations":[{"start":{"line":379,"column":17},"end":{"line":379,"column":52}},{"start":{"line":380,"column":18},"end":{"line":396,"column":21}}],"line":379},"5":{"loc":{"start":{"line":400,"column":15},"end":{"line":433,"column":15}},"type":"binary-expr","locations":[{"start":{"line":400,"column":15},"end":{"line":400,"column":49}},{"start":{"line":401,"column":16},"end":{"line":432,"column":22}}],"line":400},"6":{"loc":{"start":{"line":440,"column":11},"end":{"line":807,"column":11}},"type":"binary-expr","locations":[{"start":{"line":440,"column":11},"end":{"line":440,"column":43}},{"start":{"line":441,"column":12},"end":{"line":806,"column":15}}],"line":440},"7":{"loc":{"start":{"line":459,"column":21},"end":{"line":466,"column":21}},"type":"binary-expr","locations":[{"start":{"line":459,"column":21},"end":{"line":459,"column":63}},{"start":{"line":460,"column":22},"end":{"line":465,"column":27}}],"line":459},"8":{"loc":{"start":{"line":467,"column":21},"end":{"line":474,"column":21}},"type":"binary-expr","locations":[{"start":{"line":467,"column":21},"end":{"line":467,"column":63}},{"start":{"line":468,"column":22},"end":{"line":473,"column":27}}],"line":467},"9":{"loc":{"start":{"line":475,"column":21},"end":{"line":480,"column":21}},"type":"binary-expr","locations":[{"start":{"line":475,"column":21},"end":{"line":475,"column":65}},{"start":{"line":476,"column":22},"end":{"line":479,"column":27}}],"line":475},"10":{"loc":{"start":{"line":491,"column":19},"end":{"line":520,"column":19}},"type":"binary-expr","locations":[{"start":{"line":491,"column":19},"end":{"line":491,"column":51}},{"start":{"line":492,"column":20},"end":{"line":519,"column":23}}],"line":491},"11":{"loc":{"start":{"line":522,"column":19},"end":{"line":556,"column":19}},"type":"binary-expr","locations":[{"start":{"line":522,"column":19},"end":{"line":522,"column":51}},{"start":{"line":523,"column":20},"end":{"line":555,"column":23}}],"line":522},"12":{"loc":{"start":{"line":558,"column":19},"end":{"line":592,"column":19}},"type":"binary-expr","locations":[{"start":{"line":558,"column":19},"end":{"line":558,"column":51}},{"start":{"line":559,"column":20},"end":{"line":591,"column":23}}],"line":558},"13":{"loc":{"start":{"line":597,"column":17},"end":{"line":772,"column":17}},"type":"binary-expr","locations":[{"start":{"line":597,"column":17},"end":{"line":597,"column":51}},{"start":{"line":598,"column":18},"end":{"line":771,"column":24}}],"line":597},"14":{"loc":{"start":{"line":614,"column":23},"end":{"line":621,"column":23}},"type":"binary-expr","locations":[{"start":{"line":614,"column":23},"end":{"line":614,"column":65}},{"start":{"line":615,"column":24},"end":{"line":620,"column":29}}],"line":614},"15":{"loc":{"start":{"line":622,"column":23},"end":{"line":629,"column":23}},"type":"binary-expr","locations":[{"start":{"line":622,"column":23},"end":{"line":622,"column":65}},{"start":{"line":623,"column":24},"end":{"line":628,"column":29}}],"line":622},"16":{"loc":{"start":{"line":630,"column":23},"end":{"line":635,"column":23}},"type":"binary-expr","locations":[{"start":{"line":630,"column":23},"end":{"line":630,"column":67}},{"start":{"line":631,"column":24},"end":{"line":634,"column":29}}],"line":630},"17":{"loc":{"start":{"line":638,"column":21},"end":{"line":652,"column":21}},"type":"binary-expr","locations":[{"start":{"line":638,"column":21},"end":{"line":638,"column":40}},{"start":{"line":639,"column":22},"end":{"line":651,"column":25}}],"line":638},"18":{"loc":{"start":{"line":654,"column":21},"end":{"line":666,"column":21}},"type":"binary-expr","locations":[{"start":{"line":654,"column":21},"end":{"line":654,"column":53}},{"start":{"line":655,"column":22},"end":{"line":665,"column":25}}],"line":654},"19":{"loc":{"start":{"line":668,"column":21},"end":{"line":697,"column":21}},"type":"binary-expr","locations":[{"start":{"line":668,"column":21},"end":{"line":668,"column":53}},{"start":{"line":669,"column":22},"end":{"line":696,"column":25}}],"line":668},"20":{"loc":{"start":{"line":699,"column":21},"end":{"line":734,"column":21}},"type":"binary-expr","locations":[{"start":{"line":699,"column":21},"end":{"line":699,"column":53}},{"start":{"line":700,"column":22},"end":{"line":733,"column":25}}],"line":699},"21":{"loc":{"start":{"line":736,"column":21},"end":{"line":770,"column":21}},"type":"binary-expr","locations":[{"start":{"line":736,"column":21},"end":{"line":736,"column":53}},{"start":{"line":737,"column":22},"end":{"line":769,"column":25}}],"line":736},"22":{"loc":{"start":{"line":775,"column":15},"end":{"line":805,"column":15}},"type":"binary-expr","locations":[{"start":{"line":775,"column":16},"end":{"line":775,"column":43}},{"start":{"line":775,"column":47},"end":{"line":775,"column":71}},{"start":{"line":776,"column":16},"end":{"line":804,"column":22}}],"line":775},"23":{"loc":{"start":{"line":778,"column":21},"end":{"line":789,"column":21}},"type":"binary-expr","locations":[{"start":{"line":778,"column":21},"end":{"line":778,"column":48}},{"start":{"line":779,"column":22},"end":{"line":788,"column":25}}],"line":778},"24":{"loc":{"start":{"line":791,"column":21},"end":{"line":802,"column":21}},"type":"binary-expr","locations":[{"start":{"line":791,"column":21},"end":{"line":791,"column":45}},{"start":{"line":792,"column":22},"end":{"line":801,"column":25}}],"line":791}},"s":{"0":1,"1":1,"2":1,"3":1},"f":{"0":1},"b":{"0":[1,1],"1":[1,1],"2":[1,0],"3":[0,0],"4":[0,0],"5":[0,0],"6":[1,1],"7":[1,0],"8":[1,1],"9":[1,0],"10":[1,1],"11":[1,1],"12":[1,1],"13":[1,1],"14":[1,0],"15":[1,1],"16":[1,0],"17":[1,0],"18":[1,1],"19":[1,1],"20":[1,1],"21":[1,1],"22":[1,0,1],"23":[1,1],"24":[1,1]},"_coverageSchema":"1a1c01bbd47fc00a2c39e90264f33305004495a9","hash":"0d50215f228405ee9909f3f79d1adabc0ccc886d"}
,"/Users/kenlivesey/Projects/pers-projects/div2-item-compare/frontend/components/SingleArmourPiece/index.js": {"path":"/Users/kenlivesey/Projects/pers-projects/div2-item-compare/frontend/components/SingleArmourPiece/index.js","statementMap":{},"fnMap":{},"branchMap":{},"s":{},"f":{},"b":{},"_coverageSchema":"1a1c01bbd47fc00a2c39e90264f33305004495a9","hash":"262be87c2c3007d067ecda09c0e0eb32ea636a93"}
,"/Users/kenlivesey/Projects/pers-projects/div2-item-compare/frontend/components/SingleAverageWeapon/SingleAverageWeapon.js": {"path":"/Users/kenlivesey/Projects/pers-projects/div2-item-compare/frontend/components/SingleAverageWeapon/SingleAverageWeapon.js","statementMap":{"0":{"start":{"line":11,"column":43},"end":{"line":59,"column":1}},"1":{"start":{"line":62,"column":2},"end":{"line":183,"column":4}}},"fnMap":{"0":{"name":"SingleAverageWeapon","decl":{"start":{"line":61,"column":24},"end":{"line":61,"column":43}},"loc":{"start":{"line":61,"column":56},"end":{"line":184,"column":1}},"line":61}},"branchMap":{"0":{"loc":{"start":{"line":77,"column":21},"end":{"line":77,"column":67}},"type":"binary-expr","locations":[{"start":{"line":77,"column":21},"end":{"line":77,"column":58}},{"start":{"line":77,"column":62},"end":{"line":77,"column":67}}],"line":77},"1":{"loc":{"start":{"line":91,"column":13},"end":{"line":103,"column":13}},"type":"binary-expr","locations":[{"start":{"line":91,"column":14},"end":{"line":91,"column":30}},{"start":{"line":91,"column":34},"end":{"line":91,"column":51}},{"start":{"line":92,"column":14},"end":{"line":102,"column":17}}],"line":91},"2":{"loc":{"start":{"line":106,"column":15},"end":{"line":113,"column":15}},"type":"binary-expr","locations":[{"start":{"line":106,"column":15},"end":{"line":106,"column":39}},{"start":{"line":107,"column":16},"end":{"line":112,"column":19}}],"line":106},"3":{"loc":{"start":{"line":114,"column":15},"end":{"line":123,"column":15}},"type":"binary-expr","locations":[{"start":{"line":114,"column":15},"end":{"line":114,"column":42}},{"start":{"line":115,"column":16},"end":{"line":122,"column":19}}],"line":114},"4":{"loc":{"start":{"line":136,"column":15},"end":{"line":143,"column":15}},"type":"binary-expr","locations":[{"start":{"line":136,"column":15},"end":{"line":136,"column":36}},{"start":{"line":137,"column":16},"end":{"line":142,"column":19}}],"line":136},"5":{"loc":{"start":{"line":144,"column":15},"end":{"line":151,"column":15}},"type":"binary-expr","locations":[{"start":{"line":144,"column":15},"end":{"line":144,"column":34}},{"start":{"line":145,"column":16},"end":{"line":150,"column":19}}],"line":144}},"s":{"0":1,"1":1},"f":{"0":1},"b":{"0":[1,0],"1":[1,1,0],"2":[1,0],"3":[1,0],"4":[1,0],"5":[1,1]},"_coverageSchema":"1a1c01bbd47fc00a2c39e90264f33305004495a9","hash":"f30846a1046c28e879e599fcb00171d370ee8430"}
,"/Users/kenlivesey/Projects/pers-projects/div2-item-compare/frontend/components/SingleAverageWeapon/index.js": {"path":"/Users/kenlivesey/Projects/pers-projects/div2-item-compare/frontend/components/SingleAverageWeapon/index.js","statementMap":{},"fnMap":{},"branchMap":{},"s":{},"f":{},"b":{},"_coverageSchema":"1a1c01bbd47fc00a2c39e90264f33305004495a9","hash":"3f9acb7c4b94920a9112dc28941d551d32c89269"}
,"/Users/kenlivesey/Projects/pers-projects/div2-item-compare/frontend/components/SingleBrand/SingleBrand.js": {"path":"/Users/kenlivesey/Projects/pers-projects/div2-item-compare/frontend/components/SingleBrand/SingleBrand.js","statementMap":{"0":{"start":{"line":5,"column":34},"end":{"line":51,"column":1}},"1":{"start":{"line":54,"column":2},"end":{"line":107,"column":4}}},"fnMap":{"0":{"name":"SingleBrand","decl":{"start":{"line":53,"column":24},"end":{"line":53,"column":35}},"loc":{"start":{"line":53,"column":47},"end":{"line":108,"column":1}},"line":53}},"branchMap":{},"s":{"0":1,"1":1},"f":{"0":1},"b":{},"_coverageSchema":"1a1c01bbd47fc00a2c39e90264f33305004495a9","hash":"5cb229191f6a41cbbac874e8b063a22d55c7c838"}
,"/Users/kenlivesey/Projects/pers-projects/div2-item-compare/frontend/components/SingleBrand/index.js": {"path":"/Users/kenlivesey/Projects/pers-projects/div2-item-compare/frontend/components/SingleBrand/index.js","statementMap":{},"fnMap":{},"branchMap":{},"s":{},"f":{},"b":{},"_coverageSchema":"1a1c01bbd47fc00a2c39e90264f33305004495a9","hash":"6e5908746fca67fc5df7a5943e51cd95963c51ef"}
,"/Users/kenlivesey/Projects/pers-projects/div2-item-compare/frontend/components/SingleRadarChart/SingleRadarChart.js": {"path":"/Users/kenlivesey/Projects/pers-projects/div2-item-compare/frontend/components/SingleRadarChart/SingleRadarChart.js","statementMap":{"0":{"start":{"line":19,"column":2},"end":{"line":26,"column":4}},"1":{"start":{"line":29,"column":2},"end":{"line":29,"column":34}},"2":{"start":{"line":32,"column":16},"end":{"line":32,"column":18}},"3":{"start":{"line":33,"column":27},"end":{"line":33,"column":29}},"4":{"start":{"line":34,"column":18},"end":{"line":34,"column":20}},"5":{"start":{"line":35,"column":32},"end":{"line":35,"column":57}},"6":{"start":{"line":36,"column":28},"end":{"line":36,"column":51}},"7":{"start":{"line":38,"column":22},"end":{"line":50,"column":3}},"8":{"start":{"line":52,"column":2},"end":{"line":95,"column":4}},"9":{"start":{"line":68,"column":34},"end":{"line":80,"column":13}},"10":{"start":{"line":82,"column":30},"end":{"line":82,"column":32}},"11":{"start":{"line":84,"column":12},"end":{"line":85,"column":42}},"12":{"start":{"line":85,"column":14},"end":{"line":85,"column":42}},"13":{"start":{"line":86,"column":26},"end":{"line":86,"column":56}},"14":{"start":{"line":87,"column":12},"end":{"line":87,"column":25}},"15":{"start":{"line":90,"column":12},"end":{"line":90,"column":44}},"16":{"start":{"line":97,"column":2},"end":{"line":109,"column":4}},"17":{"start":{"line":111,"column":2},"end":{"line":122,"column":4}},"18":{"start":{"line":125,"column":2},"end":{"line":250,"column":3}},"19":{"start":{"line":126,"column":4},"end":{"line":188,"column":6}},"20":{"start":{"line":142,"column":36},"end":{"line":154,"column":15}},"21":{"start":{"line":156,"column":43},"end":{"line":168,"column":15}},"22":{"start":{"line":170,"column":32},"end":{"line":170,"column":34}},"23":{"start":{"line":172,"column":14},"end":{"line":173,"column":44}},"24":{"start":{"line":173,"column":16},"end":{"line":173,"column":44}},"25":{"start":{"line":174,"column":14},"end":{"line":178,"column":51}},"26":{"start":{"line":178,"column":16},"end":{"line":178,"column":51}},"27":{"start":{"line":179,"column":28},"end":{"line":179,"column":58}},"28":{"start":{"line":180,"column":14},"end":{"line":180,"column":27}},"29":{"start":{"line":183,"column":14},"end":{"line":183,"column":46}},"30":{"start":{"line":190,"column":4},"end":{"line":202,"column":6}},"31":{"start":{"line":204,"column":38},"end":{"line":216,"column":5}},"32":{"start":{"line":219,"column":4},"end":{"line":219,"column":56}},"33":{"start":{"line":220,"column":4},"end":{"line":221,"column":58}},"34":{"start":{"line":221,"column":6},"end":{"line":221,"column":58}},"35":{"start":{"line":222,"column":4},"end":{"line":223,"column":57}},"36":{"start":{"line":223,"column":6},"end":{"line":223,"column":57}},"37":{"start":{"line":226,"column":4},"end":{"line":226,"column":50}},"38":{"start":{"line":227,"column":4},"end":{"line":228,"column":52}},"39":{"start":{"line":228,"column":6},"end":{"line":228,"column":52}},"40":{"start":{"line":229,"column":4},"end":{"line":229,"column":80}},"41":{"start":{"line":229,"column":34},"end":{"line":229,"column":80}},"42":{"start":{"line":231,"column":4},"end":{"line":249,"column":6}},"43":{"start":{"line":252,"column":2},"end":{"line":266,"column":4}}},"fnMap":{"0":{"name":"SingleRadarChart","decl":{"start":{"line":18,"column":24},"end":{"line":18,"column":40}},"loc":{"start":{"line":18,"column":64},"end":{"line":267,"column":1}},"line":18},"1":{"name":"(anonymous_1)","decl":{"start":{"line":67,"column":10},"end":{"line":67,"column":11}},"loc":{"start":{"line":67,"column":25},"end":{"line":88,"column":11}},"line":67},"2":{"name":"(anonymous_2)","decl":{"start":{"line":89,"column":10},"end":{"line":89,"column":11}},"loc":{"start":{"line":89,"column":31},"end":{"line":91,"column":11}},"line":89},"3":{"name":"(anonymous_3)","decl":{"start":{"line":141,"column":12},"end":{"line":141,"column":13}},"loc":{"start":{"line":141,"column":27},"end":{"line":181,"column":13}},"line":141},"4":{"name":"(anonymous_4)","decl":{"start":{"line":182,"column":12},"end":{"line":182,"column":13}},"loc":{"start":{"line":182,"column":33},"end":{"line":184,"column":13}},"line":182}},"branchMap":{"0":{"loc":{"start":{"line":78,"column":17},"end":{"line":78,"column":59}},"type":"binary-expr","locations":[{"start":{"line":78,"column":17},"end":{"line":78,"column":54}},{"start":{"line":78,"column":58},"end":{"line":78,"column":59}}],"line":78},"1":{"loc":{"start":{"line":84,"column":12},"end":{"line":85,"column":42}},"type":"if","locations":[{"start":{"line":84,"column":12},"end":{"line":85,"column":42}},{"start":{},"end":{}}],"line":84},"2":{"loc":{"start":{"line":125,"column":2},"end":{"line":250,"column":3}},"type":"if","locations":[{"start":{"line":125,"column":2},"end":{"line":250,"column":3}},{"start":{},"end":{}}],"line":125},"3":{"loc":{"start":{"line":152,"column":19},"end":{"line":152,"column":61}},"type":"binary-expr","locations":[{"start":{"line":152,"column":19},"end":{"line":152,"column":56}},{"start":{"line":152,"column":60},"end":{"line":152,"column":61}}],"line":152},"4":{"loc":{"start":{"line":172,"column":14},"end":{"line":173,"column":44}},"type":"if","locations":[{"start":{"line":172,"column":14},"end":{"line":173,"column":44}},{"start":{},"end":{}}],"line":172},"5":{"loc":{"start":{"line":174,"column":14},"end":{"line":178,"column":51}},"type":"if","locations":[{"start":{"line":174,"column":14},"end":{"line":178,"column":51}},{"start":{},"end":{}}],"line":174},"6":{"loc":{"start":{"line":220,"column":4},"end":{"line":221,"column":58}},"type":"if","locations":[{"start":{"line":220,"column":4},"end":{"line":221,"column":58}},{"start":{},"end":{}}],"line":220},"7":{"loc":{"start":{"line":222,"column":4},"end":{"line":223,"column":57}},"type":"if","locations":[{"start":{"line":222,"column":4},"end":{"line":223,"column":57}},{"start":{},"end":{}}],"line":222},"8":{"loc":{"start":{"line":227,"column":4},"end":{"line":228,"column":52}},"type":"if","locations":[{"start":{"line":227,"column":4},"end":{"line":228,"column":52}},{"start":{},"end":{}}],"line":227},"9":{"loc":{"start":{"line":229,"column":4},"end":{"line":229,"column":80}},"type":"if","locations":[{"start":{"line":229,"column":4},"end":{"line":229,"column":80}},{"start":{},"end":{}}],"line":229},"10":{"loc":{"start":{"line":256,"column":11},"end":{"line":258,"column":11}},"type":"binary-expr","locations":[{"start":{"line":256,"column":11},"end":{"line":256,"column":48}},{"start":{"line":257,"column":12},"end":{"line":257,"column":78}}],"line":256},"11":{"loc":{"start":{"line":259,"column":11},"end":{"line":261,"column":11}},"type":"binary-expr","locations":[{"start":{"line":259,"column":11},"end":{"line":259,"column":41}},{"start":{"line":260,"column":12},"end":{"line":260,"column":75}}],"line":259}},"s":{"0":17,"1":17,"2":17,"3":17,"4":17,"5":17,"6":17,"7":17,"8":17,"9":0,"10":0,"11":0,"12":0,"13":0,"14":0,"15":0,"16":17,"17":17,"18":17,"19":16,"20":0,"21":0,"22":0,"23":0,"24":0,"25":0,"26":0,"27":0,"28":0,"29":0,"30":16,"31":16,"32":16,"33":16,"34":0,"35":16,"36":0,"37":16,"38":16,"39":0,"40":16,"41":0,"42":16,"43":17},"f":{"0":17,"1":0,"2":0,"3":0,"4":0},"b":{"0":[0,0],"1":[0,0],"2":[16,1],"3":[0,0],"4":[0,0],"5":[0,0],"6":[0,16],"7":[0,16],"8":[0,16],"9":[0,16],"10":[17,1],"11":[17,16]},"_coverageSchema":"1a1c01bbd47fc00a2c39e90264f33305004495a9","hash":"ee8537a912552483ab376e608308d8189aa6d512"}
,"/Users/kenlivesey/Projects/pers-projects/div2-item-compare/frontend/components/SingleRadarChart/index.js": {"path":"/Users/kenlivesey/Projects/pers-projects/div2-item-compare/frontend/components/SingleRadarChart/index.js","statementMap":{},"fnMap":{},"branchMap":{},"s":{},"f":{},"b":{},"_coverageSchema":"1a1c01bbd47fc00a2c39e90264f33305004495a9","hash":"fc8ca0dd81ea6b24a2fd38b0e15c3b1b3b55e322"}
,"/Users/kenlivesey/Projects/pers-projects/div2-item-compare/frontend/components/SingleTalent/SingleTalent.js": {"path":"/Users/kenlivesey/Projects/pers-projects/div2-item-compare/frontend/components/SingleTalent/SingleTalent.js","statementMap":{"0":{"start":{"line":4,"column":24},"end":{"line":4,"column":26}},"1":{"start":{"line":5,"column":2},"end":{"line":5,"column":66}},"2":{"start":{"line":5,"column":38},"end":{"line":5,"column":66}},"3":{"start":{"line":6,"column":2},"end":{"line":6,"column":72}},"4":{"start":{"line":6,"column":41},"end":{"line":6,"column":72}},"5":{"start":{"line":8,"column":2},"end":{"line":67,"column":4}}},"fnMap":{"0":{"name":"SingleTalent","decl":{"start":{"line":3,"column":24},"end":{"line":3,"column":36}},"loc":{"start":{"line":3,"column":55},"end":{"line":68,"column":1}},"line":3}},"branchMap":{"0":{"loc":{"start":{"line":5,"column":2},"end":{"line":5,"column":66}},"type":"if","locations":[{"start":{"line":5,"column":2},"end":{"line":5,"column":66}},{"start":{},"end":{}}],"line":5},"1":{"loc":{"start":{"line":6,"column":2},"end":{"line":6,"column":72}},"type":"if","locations":[{"start":{"line":6,"column":2},"end":{"line":6,"column":72}},{"start":{},"end":{}}],"line":6},"2":{"loc":{"start":{"line":14,"column":7},"end":{"line":20,"column":7}},"type":"binary-expr","locations":[{"start":{"line":14,"column":7},"end":{"line":14,"column":29}},{"start":{"line":15,"column":8},"end":{"line":19,"column":10}}],"line":14},"3":{"loc":{"start":{"line":24,"column":11},"end":{"line":30,"column":11}},"type":"binary-expr","locations":[{"start":{"line":24,"column":11},"end":{"line":24,"column":53}},{"start":{"line":25,"column":12},"end":{"line":29,"column":14}}],"line":24},"4":{"loc":{"start":{"line":39,"column":11},"end":{"line":43,"column":11}},"type":"binary-expr","locations":[{"start":{"line":39,"column":11},"end":{"line":39,"column":53}},{"start":{"line":40,"column":12},"end":{"line":42,"column":15}}],"line":39},"5":{"loc":{"start":{"line":48,"column":11},"end":{"line":55,"column":11}},"type":"binary-expr","locations":[{"start":{"line":48,"column":11},"end":{"line":48,"column":38}},{"start":{"line":49,"column":12},"end":{"line":54,"column":15}}],"line":48}},"s":{"0":6,"1":6,"2":2,"3":6,"4":2,"5":6},"f":{"0":6},"b":{"0":[2,4],"1":[2,4],"2":[6,4],"3":[6,2],"4":[6,4],"5":[6,6]},"_coverageSchema":"1a1c01bbd47fc00a2c39e90264f33305004495a9","hash":"bd4344b60bffc106d15d40aefbff10051745fdd4"}
,"/Users/kenlivesey/Projects/pers-projects/div2-item-compare/frontend/components/SingleTalent/index.js": {"path":"/Users/kenlivesey/Projects/pers-projects/div2-item-compare/frontend/components/SingleTalent/index.js","statementMap":{},"fnMap":{},"branchMap":{},"s":{},"f":{},"b":{},"_coverageSchema":"1a1c01bbd47fc00a2c39e90264f33305004495a9","hash":"3975c9d12b3119723ec0fe3994775343a4d84acd"}
,"/Users/kenlivesey/Projects/pers-projects/div2-item-compare/frontend/components/SingleWeapon/SingleWeapon.js": {"path":"/Users/kenlivesey/Projects/pers-projects/div2-item-compare/frontend/components/SingleWeapon/SingleWeapon.js","statementMap":{"0":{"start":{"line":12,"column":34},"end":{"line":183,"column":1}},"1":{"start":{"line":185,"column":35},"end":{"line":279,"column":1}},"2":{"start":{"line":282,"column":2},"end":{"line":401,"column":4}}},"fnMap":{"0":{"name":"SingleWeapon","decl":{"start":{"line":281,"column":24},"end":{"line":281,"column":36}},"loc":{"start":{"line":281,"column":49},"end":{"line":402,"column":1}},"line":281}},"branchMap":{"0":{"loc":{"start":{"line":297,"column":21},"end":{"line":297,"column":67}},"type":"binary-expr","locations":[{"start":{"line":297,"column":21},"end":{"line":297,"column":58}},{"start":{"line":297,"column":62},"end":{"line":297,"column":67}}],"line":297},"1":{"loc":{"start":{"line":309,"column":13},"end":{"line":321,"column":13}},"type":"binary-expr","locations":[{"start":{"line":309,"column":14},"end":{"line":309,"column":30}},{"start":{"line":309,"column":34},"end":{"line":309,"column":51}},{"start":{"line":310,"column":14},"end":{"line":320,"column":17}}],"line":309},"2":{"loc":{"start":{"line":324,"column":15},"end":{"line":331,"column":15}},"type":"binary-expr","locations":[{"start":{"line":324,"column":15},"end":{"line":324,"column":39}},{"start":{"line":325,"column":16},"end":{"line":330,"column":19}}],"line":324},"3":{"loc":{"start":{"line":332,"column":15},"end":{"line":341,"column":15}},"type":"binary-expr","locations":[{"start":{"line":332,"column":15},"end":{"line":332,"column":42}},{"start":{"line":333,"column":16},"end":{"line":340,"column":19}}],"line":332},"4":{"loc":{"start":{"line":354,"column":15},"end":{"line":361,"column":15}},"type":"binary-expr","locations":[{"start":{"line":354,"column":15},"end":{"line":354,"column":36}},{"start":{"line":355,"column":16},"end":{"line":360,"column":19}}],"line":354},"5":{"loc":{"start":{"line":362,"column":15},"end":{"line":369,"column":15}},"type":"binary-expr","locations":[{"start":{"line":362,"column":15},"end":{"line":362,"column":34}},{"start":{"line":363,"column":16},"end":{"line":368,"column":19}}],"line":362}},"s":{"0":10,"1":10,"2":17},"f":{"0":17},"b":{"0":[17,0],"1":[17,17,0],"2":[17,17],"3":[17,0],"4":[17,0],"5":[17,17]},"_coverageSchema":"1a1c01bbd47fc00a2c39e90264f33305004495a9","hash":"eb5c0f06d046c8045d0722c8aca4abf40780e8b8"}
,"/Users/kenlivesey/Projects/pers-projects/div2-item-compare/frontend/components/SingleWeapon/index.js": {"path":"/Users/kenlivesey/Projects/pers-projects/div2-item-compare/frontend/components/SingleWeapon/index.js","statementMap":{},"fnMap":{},"branchMap":{},"s":{},"f":{},"b":{},"_coverageSchema":"1a1c01bbd47fc00a2c39e90264f33305004495a9","hash":"6794c16bb7d5b90fb50302fbce13d1710e6cd79d"}
,"/Users/kenlivesey/Projects/pers-projects/div2-item-compare/frontend/components/TitleBar/TitleBar.js": {"path":"/Users/kenlivesey/Projects/pers-projects/div2-item-compare/frontend/components/TitleBar/TitleBar.js","statementMap":{"0":{"start":{"line":4,"column":2},"end":{"line":4,"column":62}},"1":{"start":{"line":4,"column":43},"end":{"line":4,"column":62}},"2":{"start":{"line":5,"column":2},"end":{"line":5,"column":55}},"3":{"start":{"line":5,"column":36},"end":{"line":5,"column":55}},"4":{"start":{"line":6,"column":2},"end":{"line":12,"column":4}},"5":{"start":{"line":16,"column":2},"end":{"line":22,"column":4}}},"fnMap":{"0":{"name":"TitleBar","decl":{"start":{"line":1,"column":24},"end":{"line":1,"column":32}},"loc":{"start":{"line":1,"column":43},"end":{"line":13,"column":1}},"line":1},"1":{"name":"SubHeadingBar","decl":{"start":{"line":15,"column":16},"end":{"line":15,"column":29}},"loc":{"start":{"line":15,"column":46},"end":{"line":23,"column":1}},"line":15}},"branchMap":{"0":{"loc":{"start":{"line":4,"column":2},"end":{"line":4,"column":62}},"type":"if","locations":[{"start":{"line":4,"column":2},"end":{"line":4,"column":62}},{"start":{},"end":{}}],"line":4},"1":{"loc":{"start":{"line":5,"column":2},"end":{"line":5,"column":55}},"type":"if","locations":[{"start":{"line":5,"column":2},"end":{"line":5,"column":55}},{"start":{},"end":{}}],"line":5}},"s":{"0":17,"1":1,"2":17,"3":16,"4":17,"5":17},"f":{"0":17,"1":17},"b":{"0":[1,16],"1":[16,1]},"_coverageSchema":"1a1c01bbd47fc00a2c39e90264f33305004495a9","hash":"581ea7c57417e1d454bba4c7057867330f9fb842"}
,"/Users/kenlivesey/Projects/pers-projects/div2-item-compare/frontend/components/TitleBar/index.js": {"path":"/Users/kenlivesey/Projects/pers-projects/div2-item-compare/frontend/components/TitleBar/index.js","statementMap":{},"fnMap":{},"branchMap":{},"s":{},"f":{},"b":{},"_coverageSchema":"1a1c01bbd47fc00a2c39e90264f33305004495a9","hash":"f739f269a28789cdf93eaf1c55c8b41a047e326c"}
,"/Users/kenlivesey/Projects/pers-projects/div2-item-compare/frontend/components/WeaponClassNotes/WeaponClassNotes.js": {"path":"/Users/kenlivesey/Projects/pers-projects/div2-item-compare/frontend/components/WeaponClassNotes/WeaponClassNotes.js","statementMap":{"0":{"start":{"line":2,"column":2},"end":{"line":27,"column":4}},"1":{"start":{"line":31,"column":2},"end":{"line":57,"column":4}},"2":{"start":{"line":61,"column":2},"end":{"line":93,"column":4}},"3":{"start":{"line":97,"column":2},"end":{"line":115,"column":4}},"4":{"start":{"line":119,"column":2},"end":{"line":146,"column":4}},"5":{"start":{"line":150,"column":2},"end":{"line":185,"column":4}},"6":{"start":{"line":189,"column":2},"end":{"line":214,"column":4}}},"fnMap":{"0":{"name":"AssaultRifleClassNotes","decl":{"start":{"line":1,"column":24},"end":{"line":1,"column":46}},"loc":{"start":{"line":1,"column":49},"end":{"line":28,"column":1}},"line":1},"1":{"name":"LightMachineGunClassNotes","decl":{"start":{"line":30,"column":16},"end":{"line":30,"column":41}},"loc":{"start":{"line":30,"column":44},"end":{"line":58,"column":1}},"line":30},"2":{"name":"MarksmanRifleClassNotes","decl":{"start":{"line":60,"column":16},"end":{"line":60,"column":39}},"loc":{"start":{"line":60,"column":42},"end":{"line":94,"column":1}},"line":60},"3":{"name":"PistolClassNotes","decl":{"start":{"line":96,"column":16},"end":{"line":96,"column":32}},"loc":{"start":{"line":96,"column":35},"end":{"line":116,"column":1}},"line":96},"4":{"name":"RifleClassNotes","decl":{"start":{"line":118,"column":16},"end":{"line":118,"column":31}},"loc":{"start":{"line":118,"column":34},"end":{"line":147,"column":1}},"line":118},"5":{"name":"ShotgunClassNotes","decl":{"start":{"line":149,"column":16},"end":{"line":149,"column":33}},"loc":{"start":{"line":149,"column":36},"end":{"line":186,"column":1}},"line":149},"6":{"name":"SubMachineGunClassNotes","decl":{"start":{"line":188,"column":16},"end":{"line":188,"column":39}},"loc":{"start":{"line":188,"column":42},"end":{"line":215,"column":1}},"line":188}},"branchMap":{},"s":{"0":3,"1":2,"2":2,"3":2,"4":2,"5":2,"6":2},"f":{"0":3,"1":2,"2":2,"3":2,"4":2,"5":2,"6":2},"b":{},"_coverageSchema":"1a1c01bbd47fc00a2c39e90264f33305004495a9","hash":"ada52464404e159bf06a9077257234f7c77a501a"}
,"/Users/kenlivesey/Projects/pers-projects/div2-item-compare/frontend/components/WeaponClassNotes/index.js": {"path":"/Users/kenlivesey/Projects/pers-projects/div2-item-compare/frontend/components/WeaponClassNotes/index.js","statementMap":{},"fnMap":{},"branchMap":{},"s":{},"f":{},"b":{},"_coverageSchema":"1a1c01bbd47fc00a2c39e90264f33305004495a9","hash":"9c6fafa1d31d2302cd93d06cd589bca8070e0de9"}
,"/Users/kenlivesey/Projects/pers-projects/div2-item-compare/frontend/components/WeaponClassThirdAttribute/WeaponClassThirdAttribute.js": {"path":"/Users/kenlivesey/Projects/pers-projects/div2-item-compare/frontend/components/WeaponClassThirdAttribute/WeaponClassThirdAttribute.js","statementMap":{"0":{"start":{"line":5,"column":28},"end":{"line":5,"column":30}},"1":{"start":{"line":7,"column":2},"end":{"line":12,"column":3}},"2":{"start":{"line":8,"column":4},"end":{"line":11,"column":7}},"3":{"start":{"line":9,"column":6},"end":{"line":10,"column":42}},"4":{"start":{"line":10,"column":8},"end":{"line":10,"column":42}},"5":{"start":{"line":14,"column":2},"end":{"line":19,"column":3}},"6":{"start":{"line":15,"column":4},"end":{"line":18,"column":7}},"7":{"start":{"line":16,"column":6},"end":{"line":17,"column":42}},"8":{"start":{"line":17,"column":8},"end":{"line":17,"column":42}},"9":{"start":{"line":21,"column":2},"end":{"line":26,"column":3}},"10":{"start":{"line":22,"column":4},"end":{"line":25,"column":7}},"11":{"start":{"line":23,"column":6},"end":{"line":24,"column":42}},"12":{"start":{"line":24,"column":8},"end":{"line":24,"column":42}},"13":{"start":{"line":28,"column":2},"end":{"line":33,"column":3}},"14":{"start":{"line":29,"column":4},"end":{"line":32,"column":7}},"15":{"start":{"line":30,"column":6},"end":{"line":31,"column":42}},"16":{"start":{"line":31,"column":8},"end":{"line":31,"column":42}},"17":{"start":{"line":35,"column":2},"end":{"line":40,"column":3}},"18":{"start":{"line":36,"column":4},"end":{"line":39,"column":7}},"19":{"start":{"line":37,"column":6},"end":{"line":38,"column":42}},"20":{"start":{"line":38,"column":8},"end":{"line":38,"column":42}},"21":{"start":{"line":42,"column":2},"end":{"line":47,"column":3}},"22":{"start":{"line":43,"column":4},"end":{"line":46,"column":7}},"23":{"start":{"line":44,"column":6},"end":{"line":45,"column":42}},"24":{"start":{"line":45,"column":8},"end":{"line":45,"column":42}},"25":{"start":{"line":49,"column":2},"end":{"line":54,"column":3}},"26":{"start":{"line":50,"column":4},"end":{"line":53,"column":7}},"27":{"start":{"line":51,"column":6},"end":{"line":52,"column":42}},"28":{"start":{"line":52,"column":8},"end":{"line":52,"column":42}},"29":{"start":{"line":56,"column":2},"end":{"line":86,"column":4}},"30":{"start":{"line":74,"column":18},"end":{"line":78,"column":23}}},"fnMap":{"0":{"name":"WeaponClassThirdAttribute","decl":{"start":{"line":3,"column":24},"end":{"line":3,"column":49}},"loc":{"start":{"line":3,"column":62},"end":{"line":87,"column":1}},"line":3},"1":{"name":"(anonymous_1)","decl":{"start":{"line":8,"column":40},"end":{"line":8,"column":41}},"loc":{"start":{"line":8,"column":55},"end":{"line":11,"column":5}},"line":8},"2":{"name":"(anonymous_2)","decl":{"start":{"line":15,"column":40},"end":{"line":15,"column":41}},"loc":{"start":{"line":15,"column":55},"end":{"line":18,"column":5}},"line":15},"3":{"name":"(anonymous_3)","decl":{"start":{"line":22,"column":40},"end":{"line":22,"column":41}},"loc":{"start":{"line":22,"column":55},"end":{"line":25,"column":5}},"line":22},"4":{"name":"(anonymous_4)","decl":{"start":{"line":29,"column":40},"end":{"line":29,"column":41}},"loc":{"start":{"line":29,"column":55},"end":{"line":32,"column":5}},"line":29},"5":{"name":"(anonymous_5)","decl":{"start":{"line":36,"column":40},"end":{"line":36,"column":41}},"loc":{"start":{"line":36,"column":55},"end":{"line":39,"column":5}},"line":36},"6":{"name":"(anonymous_6)","decl":{"start":{"line":43,"column":40},"end":{"line":43,"column":41}},"loc":{"start":{"line":43,"column":55},"end":{"line":46,"column":5}},"line":43},"7":{"name":"(anonymous_7)","decl":{"start":{"line":50,"column":40},"end":{"line":50,"column":41}},"loc":{"start":{"line":50,"column":55},"end":{"line":53,"column":5}},"line":50},"8":{"name":"(anonymous_8)","decl":{"start":{"line":73,"column":39},"end":{"line":73,"column":40}},"loc":{"start":{"line":74,"column":18},"end":{"line":78,"column":23}},"line":74}},"branchMap":{"0":{"loc":{"start":{"line":7,"column":2},"end":{"line":12,"column":3}},"type":"if","locations":[{"start":{"line":7,"column":2},"end":{"line":12,"column":3}},{"start":{},"end":{}}],"line":7},"1":{"loc":{"start":{"line":7,"column":6},"end":{"line":7,"column":69}},"type":"binary-expr","locations":[{"start":{"line":7,"column":6},"end":{"line":7,"column":38}},{"start":{"line":7,"column":42},"end":{"line":7,"column":69}}],"line":7},"2":{"loc":{"start":{"line":9,"column":6},"end":{"line":10,"column":42}},"type":"if","locations":[{"start":{"line":9,"column":6},"end":{"line":10,"column":42}},{"start":{},"end":{}}],"line":9},"3":{"loc":{"start":{"line":14,"column":2},"end":{"line":19,"column":3}},"type":"if","locations":[{"start":{"line":14,"column":2},"end":{"line":19,"column":3}},{"start":{},"end":{}}],"line":14},"4":{"loc":{"start":{"line":14,"column":6},"end":{"line":14,"column":73}},"type":"binary-expr","locations":[{"start":{"line":14,"column":6},"end":{"line":14,"column":42}},{"start":{"line":14,"column":46},"end":{"line":14,"column":73}}],"line":14},"5":{"loc":{"start":{"line":16,"column":6},"end":{"line":17,"column":42}},"type":"if","locations":[{"start":{"line":16,"column":6},"end":{"line":17,"column":42}},{"start":{},"end":{}}],"line":16},"6":{"loc":{"start":{"line":21,"column":2},"end":{"line":26,"column":3}},"type":"if","locations":[{"start":{"line":21,"column":2},"end":{"line":26,"column":3}},{"start":{},"end":{}}],"line":21},"7":{"loc":{"start":{"line":21,"column":6},"end":{"line":21,"column":70}},"type":"binary-expr","locations":[{"start":{"line":21,"column":6},"end":{"line":21,"column":39}},{"start":{"line":21,"column":43},"end":{"line":21,"column":70}}],"line":21},"8":{"loc":{"start":{"line":23,"column":6},"end":{"line":24,"column":42}},"type":"if","locations":[{"start":{"line":23,"column":6},"end":{"line":24,"column":42}},{"start":{},"end":{}}],"line":23},"9":{"loc":{"start":{"line":28,"column":2},"end":{"line":33,"column":3}},"type":"if","locations":[{"start":{"line":28,"column":2},"end":{"line":33,"column":3}},{"start":{},"end":{}}],"line":28},"10":{"loc":{"start":{"line":28,"column":6},"end":{"line":28,"column":62}},"type":"binary-expr","locations":[{"start":{"line":28,"column":6},"end":{"line":28,"column":31}},{"start":{"line":28,"column":35},"end":{"line":28,"column":62}}],"line":28},"11":{"loc":{"start":{"line":30,"column":6},"end":{"line":31,"column":42}},"type":"if","locations":[{"start":{"line":30,"column":6},"end":{"line":31,"column":42}},{"start":{},"end":{}}],"line":30},"12":{"loc":{"start":{"line":35,"column":2},"end":{"line":40,"column":3}},"type":"if","locations":[{"start":{"line":35,"column":2},"end":{"line":40,"column":3}},{"start":{},"end":{}}],"line":35},"13":{"loc":{"start":{"line":35,"column":6},"end":{"line":35,"column":61}},"type":"binary-expr","locations":[{"start":{"line":35,"column":6},"end":{"line":35,"column":30}},{"start":{"line":35,"column":34},"end":{"line":35,"column":61}}],"line":35},"14":{"loc":{"start":{"line":37,"column":6},"end":{"line":38,"column":42}},"type":"if","locations":[{"start":{"line":37,"column":6},"end":{"line":38,"column":42}},{"start":{},"end":{}}],"line":37},"15":{"loc":{"start":{"line":42,"column":2},"end":{"line":47,"column":3}},"type":"if","locations":[{"start":{"line":42,"column":2},"end":{"line":47,"column":3}},{"start":{},"end":{}}],"line":42},"16":{"loc":{"start":{"line":42,"column":6},"end":{"line":42,"column":63}},"type":"binary-expr","locations":[{"start":{"line":42,"column":6},"end":{"line":42,"column":32}},{"start":{"line":42,"column":36},"end":{"line":42,"column":63}}],"line":42},"17":{"loc":{"start":{"line":44,"column":6},"end":{"line":45,"column":42}},"type":"if","locations":[{"start":{"line":44,"column":6},"end":{"line":45,"column":42}},{"start":{},"end":{}}],"line":44},"18":{"loc":{"start":{"line":49,"column":2},"end":{"line":54,"column":3}},"type":"if","locations":[{"start":{"line":49,"column":2},"end":{"line":54,"column":3}},{"start":{},"end":{}}],"line":49},"19":{"loc":{"start":{"line":49,"column":6},"end":{"line":49,"column":71}},"type":"binary-expr","locations":[{"start":{"line":49,"column":6},"end":{"line":49,"column":40}},{"start":{"line":49,"column":44},"end":{"line":49,"column":71}}],"line":49},"20":{"loc":{"start":{"line":51,"column":6},"end":{"line":52,"column":42}},"type":"if","locations":[{"start":{"line":51,"column":6},"end":{"line":52,"column":42}},{"start":{},"end":{}}],"line":51},"21":{"loc":{"start":{"line":58,"column":7},"end":{"line":84,"column":7}},"type":"binary-expr","locations":[{"start":{"line":58,"column":7},"end":{"line":58,"column":35}},{"start":{"line":59,"column":8},"end":{"line":83,"column":11}}],"line":58},"22":{"loc":{"start":{"line":66,"column":13},"end":{"line":81,"column":13}},"type":"binary-expr","locations":[{"start":{"line":66,"column":13},"end":{"line":66,"column":41}},{"start":{"line":67,"column":14},"end":{"line":80,"column":22}}],"line":66}},"s":{"0":15,"1":15,"2":0,"3":0,"4":0,"5":15,"6":0,"7":0,"8":0,"9":15,"10":0,"11":0,"12":0,"13":15,"14":0,"15":0,"16":0,"17":15,"18":0,"19":0,"20":0,"21":15,"22":0,"23":0,"24":0,"25":15,"26":0,"27":0,"28":0,"29":15,"30":0},"f":{"0":15,"1":0,"2":0,"3":0,"4":0,"5":0,"6":0,"7":0,"8":0},"b":{"0":[0,15],"1":[15,15],"2":[0,0],"3":[0,15],"4":[15,0],"5":[0,0],"6":[0,15],"7":[15,0],"8":[0,0],"9":[0,15],"10":[15,0],"11":[0,0],"12":[0,15],"13":[15,0],"14":[0,0],"15":[0,15],"16":[15,0],"17":[0,0],"18":[0,15],"19":[15,0],"20":[0,0],"21":[15,0],"22":[0,0]},"_coverageSchema":"1a1c01bbd47fc00a2c39e90264f33305004495a9","hash":"de100f69eb336321154b1ddc6e05efab4e0e2cce"}
,"/Users/kenlivesey/Projects/pers-projects/div2-item-compare/frontend/components/WeaponClassThirdAttribute/index.js": {"path":"/Users/kenlivesey/Projects/pers-projects/div2-item-compare/frontend/components/WeaponClassThirdAttribute/index.js","statementMap":{},"fnMap":{},"branchMap":{},"s":{},"f":{},"b":{},"_coverageSchema":"1a1c01bbd47fc00a2c39e90264f33305004495a9","hash":"8e64a1bd823d02f7dc9064d7a930649a5ecea221"}
[...]
ne":402,"column":1}},"21":{"start":{"line":404,"column":20},"end":{"line":430,"column":2}},"22":{"start":{"line":404,"column":27},"end":{"line":430,"column":1}},"23":{"start":{"line":432,"column":24},"end":{"line":513,"column":2}},"24":{"start":{"line":432,"column":31},"end":{"line":513,"column":1}},"25":{"start":{"line":515,"column":29},"end":{"line":613,"column":2}},"26":{"start":{"line":515,"column":36},"end":{"line":613,"column":1}}},"fnMap":{"0":{"name":"(anonymous_0)","decl":{"start":{"line":4,"column":2},"end":{"line":4,"column":3}},"loc":{"start":{"line":4,"column":16},"end":{"line":6,"column":3}},"line":4},"1":{"name":"(anonymous_1)","decl":{"start":{"line":8,"column":2},"end":{"line":8,"column":3}},"loc":{"start":{"line":8,"column":15},"end":{"line":10,"column":3}},"line":8},"2":{"name":"(anonymous_2)","decl":{"start":{"line":12,"column":2},"end":{"line":12,"column":3}},"loc":{"start":{"line":12,"column":22},"end":{"line":14,"column":3}},"line":12},"3":{"name":"(anonymous_3)","decl":{"start":{"line":16,"column":2},"end":{"line":16,"column":3}},"loc":{"start":{"line":16,"column":18},"end":{"line":18,"column":3}},"line":16},"4":{"name":"makePaginationMocksFor","decl":{"start":{"line":21,"column":9},"end":{"line":21,"column":31}},"loc":{"start":{"line":21,"column":40},"end":{"line":41,"column":1}},"line":21},"5":{"name":"(anonymous_5)","decl":{"start":{"line":43,"column":30},"end":{"line":43,"column":31}},"loc":{"start":{"line":43,"column":37},"end":{"line":83,"column":1}},"line":43},"6":{"name":"(anonymous_6)","decl":{"start":{"line":85,"column":33},"end":{"line":85,"column":34}},"loc":{"start":{"line":85,"column":40},"end":{"line":125,"column":1}},"line":85},"7":{"name":"(anonymous_7)","decl":{"start":{"line":127,"column":25},"end":{"line":127,"column":26}},"loc":{"start":{"line":127,"column":32},"end":{"line":152,"column":1}},"line":127},"8":{"name":"(anonymous_8)","decl":{"start":{"line":155,"column":19},"end":{"line":155,"column":20}},"loc":{"start":{"line":155,"column":26},"end":{"line":229,"column":1}},"line":155},"9":{"name":"(anonymous_9)","decl":{"start":{"line":231,"column":26},"end":{"line":231,"column":27}},"loc":{"start":{"line":231,"column":33},"end":{"line":247,"column":1}},"line":231},"10":{"name":"(anonymous_10)","decl":{"start":{"line":249,"column":24},"end":{"line":249,"column":25}},"loc":{"start":{"line":249,"column":31},"end":{"line":302,"column":1}},"line":249},"11":{"name":"(anonymous_11)","decl":{"start":{"line":304,"column":31},"end":{"line":304,"column":32}},"loc":{"start":{"line":304,"column":38},"end":{"line":365,"column":1}},"line":304},"12":{"name":"(anonymous_12)","decl":{"start":{"line":367,"column":18},"end":{"line":367,"column":19}},"loc":{"start":{"line":367,"column":25},"end":{"line":402,"column":1}},"line":367},"13":{"name":"(anonymous_13)","decl":{"start":{"line":404,"column":20},"end":{"line":404,"column":21}},"loc":{"start":{"line":404,"column":27},"end":{"line":430,"column":1}},"line":404},"14":{"name":"(anonymous_14)","decl":{"start":{"line":432,"column":24},"end":{"line":432,"column":25}},"loc":{"start":{"line":432,"column":31},"end":{"line":513,"column":1}},"line":432},"15":{"name":"(anonymous_15)","decl":{"start":{"line":515,"column":29},"end":{"line":515,"column":30}},"loc":{"start":{"line":515,"column":36},"end":{"line":613,"column":1}},"line":515}},"branchMap":{"0":{"loc":{"start":{"line":9,"column":11},"end":{"line":9,"column":34}},"type":"binary-expr","locations":[{"start":{"line":9,"column":11},"end":{"line":9,"column":26}},{"start":{"line":9,"column":30},"end":{"line":9,"column":34}}],"line":9}},"s":{"0":0,"1":0,"2":0,"3":0,"4":0,"5":15,"6":2,"7":15,"8":2,"9":15,"10":2,"11":15,"12":1,"13":15,"14":1,"15":15,"16":8,"17":15,"18":1,"19":15,"20":1,"21":15,"22":0,"23":15,"24":1,"25":15,"26":0},"f":{"0":0,"1":0,"2":0,"3":0,"4":0,"5":2,"6":2,"7":2,"8":1,"9":1,"10":8,"11":1,"12":1,"13":0,"14":1,"15":0},"b":{"0":[0,0]},"_coverageSchema":"1a1c01bbd47fc00a2c39e90264f33305004495a9","hash":"8c7bb18248dda98af86d8bd4078849c5ef1ef649"}
,"/Users/kenlivesey/Projects/pers-projects/div2-item-compare/frontend/pages/weapons/assaultRifle/[id].js": {"path":"/Users/kenlivesey/Projects/pers-projects/div2-item-compare/frontend/pages/weapons/assaultRifle/[id].js","statementMap":{"0":{"start":{"line":18,"column":35},"end":{"line":22,"column":4}},"1":{"start":{"line":23,"column":2},"end":{"line":23,"column":40}},"2":{"start":{"line":23,"column":15},"end":{"line":23,"column":40}},"3":{"start":{"line":24,"column":2},"end":{"line":24,"column":51}},"4":{"start":{"line":24,"column":13},"end":{"line":24,"column":51}},"5":{"start":{"line":26,"column":17},"end":{"line":26,"column":35}},"6":{"start":{"line":27,"column":20},"end":{"line":27,"column":40}},"7":{"start":{"line":29,"column":2},"end":{"line":46,"column":4}}},"fnMap":{"0":{"name":"SingleAssaultRiflePage","decl":{"start":{"line":17,"column":24},"end":{"line":17,"column":46}},"loc":{"start":{"line":17,"column":58},"end":{"line":47,"column":1}},"line":17}},"branchMap":{"0":{"loc":{"start":{"line":23,"column":2},"end":{"line":23,"column":40}},"type":"if","locations":[{"start":{"line":23,"column":2},"end":{"line":23,"column":40}},{"start":{},"end":{}}],"line":23},"1":{"loc":{"start":{"line":24,"column":2},"end":{"line":24,"column":51}},"type":"if","locations":[{"start":{"line":24,"column":2},"end":{"line":24,"column":51}},{"start":{},"end":{}}],"line":24}},"s":{"0":7,"1":7,"2":4,"3":3,"4":1,"5":2,"6":2,"7":2},"f":{"0":7},"b":{"0":[4,3],"1":[1,2]},"_coverageSchema":"1a1c01bbd47fc00a2c39e90264f33305004495a9","hash":"bc7b99bafdaa592f18e3059bdf52c3acb18e43a5"}
,"/Users/kenlivesey/Projects/pers-projects/div2-item-compare/frontend/pages/weapons/averageWeapon/[id].js": {"path":"/Users/kenlivesey/Projects/pers-projects/div2-item-compare/frontend/pages/weapons/averageWeapon/[id].js","statementMap":{"0":{"start":{"line":22,"column":35},"end":{"line":26,"column":4}},"1":{"start":{"line":27,"column":2},"end":{"line":27,"column":40}},"2":{"start":{"line":27,"column":15},"end":{"line":27,"column":40}},"3":{"start":{"line":28,"column":2},"end":{"line":28,"column":51}},"4":{"start":{"line":28,"column":13},"end":{"line":28,"column":51}},"5":{"start":{"line":30,"column":17},"end":{"line":30,"column":42}},"6":{"start":{"line":32,"column":2},"end":{"line":53,"column":4}}},"fnMap":{"0":{"name":"SingleAverageWeaponPage","decl":{"start":{"line":21,"column":24},"end":{"line":21,"column":47}},"loc":{"start":{"line":21,"column":59},"end":{"line":54,"column":1}},"line":21}},"branchMap":{"0":{"loc":{"start":{"line":27,"column":2},"end":{"line":27,"column":40}},"type":"if","locations":[{"start":{"line":27,"column":2},"end":{"line":27,"column":40}},{"start":{},"end":{}}],"line":27},"1":{"loc":{"start":{"line":28,"column":2},"end":{"line":28,"column":51}},"type":"if","locations":[{"start":{"line":28,"column":2},"end":{"line":28,"column":51}},{"start":{},"end":{}}],"line":28},"2":{"loc":{"start":{"line":43,"column":9},"end":{"line":43,"column":71}},"type":"binary-expr","locations":[{"start":{"line":43,"column":9},"end":{"line":43,"column":41}},{"start":{"line":43,"column":45},"end":{"line":43,"column":71}}],"line":43},"3":{"loc":{"start":{"line":44,"column":9},"end":{"line":44,"column":78}},"type":"binary-expr","locations":[{"start":{"line":44,"column":9},"end":{"line":44,"column":45}},{"start":{"line":44,"column":49},"end":{"line":44,"column":78}}],"line":44},"4":{"loc":{"start":{"line":45,"column":9},"end":{"line":45,"column":73}},"type":"binary-expr","locations":[{"start":{"line":45,"column":9},"end":{"line":45,"column":42}},{"start":{"line":45,"column":46},"end":{"line":45,"column":73}}],"line":45},"5":{"loc":{"start":{"line":46,"column":9},"end":{"line":46,"column":58}},"type":"binary-expr","locations":[{"start":{"line":46,"column":9},"end":{"line":46,"column":34}},{"start":{"line":46,"column":38},"end":{"line":46,"column":58}}],"line":46},"6":{"loc":{"start":{"line":47,"column":9},"end":{"line":47,"column":56}},"type":"binary-expr","locations":[{"start":{"line":47,"column":9},"end":{"line":47,"column":33}},{"start":{"line":47,"column":37},"end":{"line":47,"column":56}}],"line":47},"7":{"loc":{"start":{"line":48,"column":9},"end":{"line":48,"column":60}},"type":"binary-expr","locations":[{"start":{"line":48,"column":9},"end":{"line":48,"column":35}},{"start":{"line":48,"column":39},"end":{"line":48,"column":60}}],"line":48},"8":{"loc":{"start":{"line":49,"column":9},"end":{"line":49,"column":74}},"type":"binary-expr","locations":[{"start":{"line":49,"column":9},"end":{"line":49,"column":43}},{"start":{"line":49,"column":47},"end":{"line":49,"column":74}}],"line":49}},"s":{"0":5,"1":5,"2":3,"3":2,"4":1,"5":1,"6":1},"f":{"0":5},"b":{"0":[3,2],"1":[1,1],"2":[1,1],"3":[1,0],"4":[1,0],"5":[1,0],"6":[1,0],"7":[1,0],"8":[1,0]},"_coverageSchema":"1a1c01bbd47fc00a2c39e90264f33305004495a9","hash":"6c005b01cabc315c56c64a4dc1061eb206d2a6a4"}
,"/Users/kenlivesey/Projects/pers-projects/div2-item-compare/frontend/pages/weapons/exoticWeapon/[id].js": {"path":"/Users/kenlivesey/Projects/pers-projects/div2-item-compare/frontend/pages/weapons/exoticWeapon/[id].js","statementMap":{"0":{"start":{"line":16,"column":35},"end":{"line":20,"column":4}},"1":{"start":{"line":21,"column":2},"end":{"line":21,"column":40}},"2":{"start":{"line":21,"column":15},"end":{"line":21,"column":40}},"3":{"start":{"line":22,"column":2},"end":{"line":22,"column":51}},"4":{"start":{"line":22,"column":13},"end":{"line":22,"column":51}},"5":{"start":{"line":24,"column":17},"end":{"line":24,"column":35}},"6":{"start":{"line":25,"column":20},"end":{"line":25,"column":40}},"7":{"start":{"line":27,"column":2},"end":{"line":43,"column":4}}},"fnMap":{"0":{"name":"SingleExoticWeaponPage","decl":{"start":{"line":15,"column":24},"end":{"line":15,"column":46}},"loc":{"start":{"line":15,"column":58},"end":{"line":44,"column":1}},"line":15}},"branchMap":{"0":{"loc":{"start":{"line":21,"column":2},"end":{"line":21,"column":40}},"type":"if","locations":[{"start":{"line":21,"column":2},"end":{"line":21,"column":40}},{"start":{},"end":{}}],"line":21},"1":{"loc":{"start":{"line":22,"column":2},"end":{"line":22,"column":51}},"type":"if","locations":[{"start":{"line":22,"column":2},"end":{"line":22,"column":51}},{"start":{},"end":{}}],"line":22}},"s":{"0":7,"1":7,"2":4,"3":3,"4":1,"5":2,"6":2,"7":2},"f":{"0":7},"b":{"0":[4,3],"1":[1,2]},"_coverageSchema":"1a1c01bbd47fc00a2c39e90264f33305004495a9","hash":"e28eedab85f3b3eb0b2228baf968eb4ceb0fd428"}
,"/Users/kenlivesey/Projects/pers-projects/div2-item-compare/frontend/pages/weapons/lightMachineGun/[id].js": {"path":"/Users/kenlivesey/Projects/pers-projects/div2-item-compare/frontend/pages/weapons/lightMachineGun/[id].js","statementMap":{"0":{"start":{"line":18,"column":35},"end":{"line":22,"column":4}},"1":{"start":{"line":23,"column":2},"end":{"line":23,"column":40}},"2":{"start":{"line":23,"column":15},"end":{"line":23,"column":40}},"3":{"start":{"line":24,"column":2},"end":{"line":24,"column":51}},"4":{"start":{"line":24,"column":13},"end":{"line":24,"column":51}},"5":{"start":{"line":26,"column":17},"end":{"line":26,"column":35}},"6":{"start":{"line":27,"column":20},"end":{"line":27,"column":40}},"7":{"start":{"line":29,"column":2},"end":{"line":46,"column":4}}},"fnMap":{"0":{"name":"SingleLightMachineGunPage","decl":{"start":{"line":17,"column":24},"end":{"line":17,"column":49}},"loc":{"start":{"line":17,"column":61},"end":{"line":47,"column":1}},"line":17}},"branchMap":{"0":{"loc":{"start":{"line":23,"column":2},"end":{"line":23,"column":40}},"type":"if","locations":[{"start":{"line":23,"column":2},"end":{"line":23,"column":40}},{"start":{},"end":{}}],"line":23},"1":{"loc":{"start":{"line":24,"column":2},"end":{"line":24,"column":51}},"type":"if","locations":[{"start":{"line":24,"column":2},"end":{"line":24,"column":51}},{"start":{},"end":{}}],"line":24}},"s":{"0":7,"1":7,"2":4,"3":3,"4":1,"5":2,"6":2,"7":2},"f":{"0":7},"b":{"0":[4,3],"1":[1,2]},"_coverageSchema":"1a1c01bbd47fc00a2c39e90264f33305004495a9","hash":"8df843995bbd7354c7c0913b31ca208d96e06e2c"}
,"/Users/kenlivesey/Projects/pers-projects/div2-item-compare/frontend/pages/weapons/marksmanRifle/[id].js": {"path":"/Users/kenlivesey/Projects/pers-projects/div2-item-compare/frontend/pages/weapons/marksmanRifle/[id].js","statementMap":{"0":{"start":{"line":18,"column":35},"end":{"line":22,"column":4}},"1":{"start":{"line":23,"column":2},"end":{"line":23,"column":40}},"2":{"start":{"line":23,"column":15},"end":{"line":23,"column":40}},"3":{"start":{"line":24,"column":2},"end":{"line":24,"column":51}},"4":{"start":{"line":24,"column":13},"end":{"line":24,"column":51}},"5":{"start":{"line":26,"column":17},"end":{"line":26,"column":35}},"6":{"start":{"line":27,"column":20},"end":{"line":27,"column":40}},"7":{"start":{"line":29,"column":2},"end":{"line":46,"column":4}}},"fnMap":{"0":{"name":"SingleMarksmanRiflePage","decl":{"start":{"line":17,"column":24},"end":{"line":17,"column":47}},"loc":{"start":{"line":17,"column":59},"end":{"line":47,"column":1}},"line":17}},"branchMap":{"0":{"loc":{"start":{"line":23,"column":2},"end":{"line":23,"column":40}},"type":"if","locations":[{"start":{"line":23,"column":2},"end":{"line":23,"column":40}},{"start":{},"end":{}}],"line":23},"1":{"loc":{"start":{"line":24,"column":2},"end":{"line":24,"column":51}},"type":"if","locations":[{"start":{"line":24,"column":2},"end":{"line":24,"column":51}},{"start":{},"end":{}}],"line":24}},"s":{"0":7,"1":7,"2":4,"3":3,"4":1,"5":2,"6":2,"7":2},"f":{"0":7},"b":{"0":[4,3],"1":[1,2]},"_coverageSchema":"1a1c01bbd47fc00a2c39e90264f33305004495a9","hash":"b70d2d55e244939da6e7776aa1c692ac293a8e6a"}
,"/Users/kenlivesey/Projects/pers-projects/div2-item-compare/frontend/pages/weapons/pistol/[id].js": {"path":"/Users/kenlivesey/Projects/pers-projects/div2-item-compare/frontend/pages/weapons/pistol/[id].js","statementMap":{"0":{"start":{"line":18,"column":35},"end":{"line":22,"column":4}},"1":{"start":{"line":23,"column":2},"end":{"line":23,"column":40}},"2":{"start":{"line":23,"column":15},"end":{"line":23,"column":40}},"3":{"start":{"line":24,"column":2},"end":{"line":24,"column":51}},"4":{"start":{"line":24,"column":13},"end":{"line":24,"column":51}},"5":{"start":{"line":26,"column":17},"end":{"line":26,"column":35}},"6":{"start":{"line":27,"column":20},"end":{"line":27,"column":40}},"7":{"start":{"line":29,"column":2},"end":{"line":46,"column":4}}},"fnMap":{"0":{"name":"SinglePistolPage","decl":{"start":{"line":17,"column":24},"end":{"line":17,"column":40}},"loc":{"start":{"line":17,"column":52},"end":{"line":47,"column":1}},"line":17}},"branchMap":{"0":{"loc":{"start":{"line":23,"column":2},"end":{"line":23,"column":40}},"type":"if","locations":[{"start":{"line":23,"column":2},"end":{"line":23,"column":40}},{"start":{},"end":{}}],"line":23},"1":{"loc":{"start":{"line":24,"column":2},"end":{"line":24,"column":51}},"type":"if","locations":[{"start":{"line":24,"column":2},"end":{"line":24,"column":51}},{"start":{},"end":{}}],"line":24}},"s":{"0":7,"1":7,"2":4,"3":3,"4":1,"5":2,"6":2,"7":2},"f":{"0":7},"b":{"0":[4,3],"1":[1,2]},"_coverageSchema":"1a1c01bbd47fc00a2c39e90264f33305004495a9","hash":"11d8067c64f15a6d4ac64817948f477871fd8b38"}
,"/Users/kenlivesey/Projects/pers-projects/div2-item-compare/frontend/pages/weapons/rifle/[id].js": {"path":"/Users/kenlivesey/Projects/pers-projects/div2-item-compare/frontend/pages/weapons/rifle/[id].js","statementMap":{"0":{"start":{"line":18,"column":35},"end":{"line":22,"column":4}},"1":{"start":{"line":23,"column":2},"end":{"line":23,"column":40}},"2":{"start":{"line":23,"column":15},"end":{"line":23,"column":40}},"3":{"start":{"line":24,"column":2},"end":{"line":24,"column":51}},"4":{"start":{"line":24,"column":13},"end":{"line":24,"column":51}},"5":{"start":{"line":26,"column":17},"end":{"line":26,"column":35}},"6":{"start":{"line":27,"column":20},"end":{"line":27,"column":40}},"7":{"start":{"line":29,"column":2},"end":{"line":46,"column":4}}},"fnMap":{"0":{"name":"SingleRiflePage","decl":{"start":{"line":17,"column":24},"end":{"line":17,"column":39}},"loc":{"start":{"line":17,"column":51},"end":{"line":47,"column":1}},"line":17}},"branchMap":{"0":{"loc":{"start":{"line":23,"column":2},"end":{"line":23,"column":40}},"type":"if","locations":[{"start":{"line":23,"column":2},"end":{"line":23,"column":40}},{"start":{},"end":{}}],"line":23},"1":{"loc":{"start":{"line":24,"column":2},"end":{"line":24,"column":51}},"type":"if","locations":[{"start":{"line":24,"column":2},"end":{"line":24,"column":51}},{"start":{},"end":{}}],"line":24}},"s":{"0":7,"1":7,"2":4,"3":3,"4":1,"5":2,"6":2,"7":2},"f":{"0":7},"b":{"0":[4,3],"1":[1,2]},"_coverageSchema":"1a1c01bbd47fc00a2c39e90264f33305004495a9","hash":"8b414e24935ae127a220ba6e045b9b3e9153d52c"}
,"/Users/kenlivesey/Projects/pers-projects/div2-item-compare/frontend/pages/weapons/shotgun/[id].js": {"path":"/Users/kenlivesey/Projects/pers-projects/div2-item-compare/frontend/pages/weapons/shotgun/[id].js","statementMap":{"0":{"start":{"line":18,"column":35},"end":{"line":22,"column":4}},"1":{"start":{"line":23,"column":2},"end":{"line":23,"column":40}},"2":{"start":{"line":23,"column":15},"end":{"line":23,"column":40}},"3":{"start":{"line":24,"column":2},"end":{"line":24,"column":51}},"4":{"start":{"line":24,"column":13},"end":{"line":24,"column":51}},"5":{"start":{"line":26,"column":17},"end":{"line":26,"column":35}},"6":{"start":{"line":27,"column":20},"end":{"line":27,"column":40}},"7":{"start":{"line":29,"column":2},"end":{"line":46,"column":4}}},"fnMap":{"0":{"name":"SingleShotgunPage","decl":{"start":{"line":17,"column":24},"end":{"line":17,"column":41}},"loc":{"start":{"line":17,"column":53},"end":{"line":47,"column":1}},"line":17}},"branchMap":{"0":{"loc":{"start":{"line":23,"column":2},"end":{"line":23,"column":40}},"type":"if","locations":[{"start":{"line":23,"column":2},"end":{"line":23,"column":40}},{"start":{},"end":{}}],"line":23},"1":{"loc":{"start":{"line":24,"column":2},"end":{"line":24,"column":51}},"type":"if","locations":[{"start":{"line":24,"column":2},"end":{"line":24,"column":51}},{"start":{},"end":{}}],"line":24}},"s":{"0":7,"1":7,"2":4,"3":3,"4":1,"5":2,"6":2,"7":2},"f":{"0":7},"b":{"0":[4,3],"1":[1,2]},"_coverageSchema":"1a1c01bbd47fc00a2c39e90264f33305004495a9","hash":"c908a576c92e0354c5fe6646c3e4db59ed867f74"}
,"/Users/kenlivesey/Projects/pers-projects/div2-item-compare/frontend/pages/weapons/subMachineGun/[id].js": {"path":"/Users/kenlivesey/Projects/pers-projects/div2-item-compare/frontend/pages/weapons/subMachineGun/[id].js","statementMap":{"0":{"start":{"line":18,"column":35},"end":{"line":22,"column":4}},"1":{"start":{"line":23,"column":2},"end":{"line":23,"column":40}},"2":{"start":{"line":23,"column":15},"end":{"line":23,"column":40}},"3":{"start":{"line":24,"column":2},"end":{"line":24,"column":51}},"4":{"start":{"line":24,"column":13},"end":{"line":24,"column":51}},"5":{"start":{"line":26,"column":17},"end":{"line":26,"column":35}},"6":{"start":{"line":27,"column":20},"end":{"line":27,"column":40}},"7":{"start":{"line":29,"column":2},"end":{"line":46,"column":4}}},"fnMap":{"0":{"name":"SingleSubMachineGunPage","decl":{"start":{"line":17,"column":24},"end":{"line":17,"column":47}},"loc":{"start":{"line":17,"column":59},"end":{"line":47,"column":1}},"line":17}},"branchMap":{"0":{"loc":{"start":{"line":23,"column":2},"end":{"line":23,"column":40}},"type":"if","locations":[{"start":{"line":23,"column":2},"end":{"line":23,"column":40}},{"start":{},"end":{}}],"line":23},"1":{"loc":{"start":{"line":24,"column":2},"end":{"line":24,"column":51}},"type":"if","locations":[{"start":{"line":24,"column":2},"end":{"line":24,"column":51}},{"start":{},"end":{}}],"line":24}},"s":{"0":7,"1":7,"2":4,"3":3,"4":1,"5":2,"6":2,"7":2},"f":{"0":7},"b":{"0":[4,3],"1":[1,2]},"_coverageSchema":"1a1c01bbd47fc00a2c39e90264f33305004495a9","hash":"461de75ac549d750d36b11c3eeb0af14bb2c3fe9"}
}
