TN:
SF:config.js
FNF:0
FNH:0
DA:2,15
DA:3,15
DA:4,15
LF:3
LH:3
BRF:0
BRH:0
end_of_record
TN:
SF:components/ItemIcons.js
FNF:0
FNH:0
DA:2,12
DA:5,12
DA:8,12
DA:11,12
DA:14,12
DA:17,12
DA:20,12
DA:23,12
DA:26,12
DA:29,12
DA:32,12
DA:35,12
DA:38,12
DA:41,12
DA:44,12
DA:47,12
DA:50,12
DA:53,12
DA:56,12
DA:59,12
DA:62,12
DA:65,12
DA:68,12
LF:23
LH:23
BRF:0
BRH:0
end_of_record
TN:
SF:components/ClassAndFamilyText/ClassAndFamilyText.js
FN:3,ClassAndFamilyText
FNF:1
FNH:1
FNDA:16,ClassAndFamilyText
DA:4,16
LF:1
LH:1
BRF:0
BRH:0
end_of_record
TN:
SF:components/ClassAndFamilyText/index.js
FNF:0
FNH:0
LF:0
LH:0
BRF:0
BRH:0
end_of_record
TN:
SF:components/ErrorMessage/ErrorMessage.js
FN:21,(anonymous_0)
FN:28,(anonymous_1)
FNF:2
FNH:1
FNDA:9,(anonymous_0)
FNDA:0,(anonymous_1)
DA:6,15
DA:21,15
DA:22,9
DA:23,9
DA:28,0
DA:29,0
DA:37,9
DA:47,15
DA:51,15
LF:9
LH:7
BRDA:22,0,0,0
BRDA:22,0,1,9
BRDA:22,1,0,9
BRDA:22,1,1,9
BRDA:23,2,0,0
BRDA:23,2,1,9
BRDA:24,3,0,9
BRDA:24,3,1,0
BRDA:24,3,2,0
BRF:9
BRH:5
end_of_record
TN:
SF:components/ErrorMessage/index.js
FNF:0
FNH:0
LF:0
LH:0
BRF:0
BRH:0
end_of_record
TN:
SF:components/ExoticWeaponAttachment/ExoticWeaponAttachment.js
FN:1,ExoticWeaponAttachment
FN:49,(anonymous_1)
FNF:2
FNH:1
FNDA:4,ExoticWeaponAttachment
FNDA:0,(anonymous_1)
DA:2,4
DA:3,0
DA:50,0
LF:3
LH:1
BRDA:18,0,0,0
BRDA:18,0,1,0
BRDA:18,0,2,0
BRDA:18,0,3,0
BRDA:18,0,4,0
BRDA:33,1,0,0
BRDA:33,1,1,0
BRDA:33,1,2,0
BRDA:33,1,3,0
BRDA:33,1,4,0
BRDA:53,2,0,0
BRDA:53,2,1,0
BRDA:56,3,0,0
BRDA:56,3,1,0
BRDA:59,4,0,0
BRDA:59,4,1,0
BRDA:62,5,0,0
BRDA:62,5,1,0
BRDA:65,6,0,0
BRDA:65,6,1,0
BRDA:68,7,0,0
BRDA:68,7,1,0
BRDA:71,8,0,0
BRDA:71,8,1,0
BRDA:74,9,0,0
BRDA:74,9,1,0
BRF:26
BRH:0
end_of_record
TN:
SF:components/FlavourText/FlavourText.js
FN:1,FlavourText
FNF:1
FNH:1
FNDA:16,FlavourText
DA:2,16
LF:1
LH:1
BRDA:3,0,0,16
BRDA:3,0,1,0
BRDA:3,0,2,16
BRF:3
BRH:2
end_of_record
TN:
SF:components/FlavourText/index.js
FNF:0
FNH:0
LF:0
LH:0
BRF:0
BRH:0
end_of_record
TN:
SF:components/HeadSEOTag/HeadSEOTag.js
FN:4,HeadSEOTag
FNF:1
FNH:1
FNDA:17,HeadSEOTag
DA:6,17
DA:8,17
DA:9,1
DA:11,17
DA:13,17
DA:14,0
DA:16,17
DA:17,0
DA:19,17
DA:20,0
DA:22,17
LF:11
LH:8
BRDA:6,0,0,0
BRDA:6,0,1,17
BRDA:8,1,0,1
BRDA:8,1,1,16
BRDA:8,2,0,17
BRDA:8,2,1,17
BRDA:11,3,0,16
BRDA:11,3,1,1
BRDA:11,4,0,17
BRDA:11,4,1,17
BRDA:13,5,0,0
BRDA:13,5,1,17
BRDA:13,6,0,17
BRDA:13,6,1,17
BRDA:16,7,0,0
BRDA:16,7,1,17
BRDA:16,8,0,17
BRDA:16,8,1,17
BRDA:19,9,0,0
BRDA:19,9,1,17
BRDA:19,10,0,17
BRDA:19,10,1,17
BRF:22
BRH:18
end_of_record
TN:
SF:components/HeadSEOTag/index.js
FNF:0
FNH:0
LF:0
LH:0
BRF:0
BRH:0
end_of_record
TN:
SF:components/LinkSmallBrand/LinkSmallBrand.js
FN:52,LinkSmallBrand
FNF:1
FNH:0
FNDA:0,LinkSmallBrand
DA:4,11
DA:35,11
DA:53,0
DA:55,0
LF:4
LH:2
BRF:0
BRH:0
end_of_record
TN:
SF:components/LinkSmallBrand/index.js
FNF:0
FNH:0
LF:0
LH:0
BRF:0
BRH:0
end_of_record
TN:
SF:components/LinkSmallPiece/LinkSmallPiece.js
FN:8,LinkSmallPiece
FN:119,(anonymous_1)
FNF:2
FNH:2
FNDA:2,LinkSmallPiece
FNDA:2,(anonymous_1)
DA:9,2
DA:12,2
DA:18,0
DA:26,2
DA:32,1
DA:41,2
DA:47,0
DA:55,2
DA:61,1
DA:70,2
DA:71,0
DA:82,2
DA:83,0
DA:92,2
DA:93,0
DA:103,2
DA:104,0
DA:114,2
DA:120,2
LF:19
LH:13
BRDA:12,0,0,0
BRDA:12,0,1,2
BRDA:13,1,0,2
BRDA:13,1,1,0
BRDA:13,1,2,0
BRDA:13,1,3,0
BRDA:26,2,0,1
BRDA:26,2,1,1
BRDA:27,3,0,2
BRDA:27,3,1,2
BRDA:27,3,2,1
BRDA:27,3,3,1
BRDA:41,4,0,0
BRDA:41,4,1,2
BRDA:42,5,0,2
BRDA:42,5,1,0
BRDA:42,5,2,0
BRDA:42,5,3,0
BRDA:55,6,0,1
BRDA:55,6,1,1
BRDA:56,7,0,2
BRDA:56,7,1,2
BRDA:56,7,2,1
BRDA:56,7,3,1
BRDA:70,8,0,0
BRDA:70,8,1,2
BRDA:70,9,0,2
BRDA:70,9,1,0
BRDA:75,10,0,0
BRDA:75,10,1,0
BRDA:76,11,0,0
BRDA:76,11,1,0
BRDA:82,12,0,0
BRDA:82,12,1,2
BRDA:82,13,0,2
BRDA:82,13,1,2
BRDA:86,14,0,0
BRDA:86,14,1,0
BRDA:92,15,0,0
BRDA:92,15,1,2
BRDA:92,16,0,2
BRDA:92,16,1,0
BRDA:98,17,0,0
BRDA:98,17,1,0
BRDA:103,18,0,0
BRDA:103,18,1,2
BRDA:103,19,0,2
BRDA:103,19,1,2
BRDA:109,20,0,0
BRDA:109,20,1,0
BRDA:116,21,0,2
BRDA:116,21,1,2
BRDA:116,21,2,2
BRF:53
BRH:29
end_of_record
TN:
SF:components/LinkSmallPiece/index.js
FNF:0
FNH:0
LF:0
LH:0
BRF:0
BRH:0
end_of_record
TN:
SF:components/LinkSmallWeapon/LinkSmallWeapon.js
FN:14,LinkSmallWeapon
FN:114,(anonymous_1)
FN:137,(anonymous_2)
FNF:3
FNH:2
FNDA:1,LinkSmallWeapon
FNDA:0,(anonymous_1)
FNDA:7,(anonymous_2)
DA:15,1
DA:18,1
DA:23,1
DA:31,1
DA:36,1
DA:44,1
DA:49,1
DA:57,1
DA:62,1
DA:70,1
DA:75,1
DA:83,1
DA:88,1
DA:96,1
DA:101,1
DA:110,1
DA:114,0
DA:115,0
DA:124,1
DA:138,7
LF:20
LH:18
BRDA:18,0,0,1
BRDA:18,0,1,0
BRDA:19,1,0,1
BRDA:19,1,1,1
BRDA:19,1,2,1
BRDA:31,2,0,1
BRDA:31,2,1,0
BRDA:32,3,0,1
BRDA:32,3,1,1
BRDA:32,3,2,1
BRDA:44,4,0,1
BRDA:44,4,1,0
BRDA:45,5,0,1
BRDA:45,5,1,1
BRDA:45,5,2,1
BRDA:57,6,0,1
BRDA:57,6,1,0
BRDA:58,7,0,1
BRDA:58,7,1,1
BRDA:58,7,2,1
BRDA:70,8,0,1
BRDA:70,8,1,0
BRDA:71,9,0,1
BRDA:71,9,1,1
BRDA:71,9,2,1
BRDA:83,10,0,1
BRDA:83,10,1,0
BRDA:84,11,0,1
BRDA:84,11,1,1
BRDA:84,11,2,1
BRDA:96,12,0,1
BRDA:96,12,1,0
BRDA:97,13,0,1
BRDA:97,13,1,1
BRDA:97,13,2,1
BRDA:110,14,0,0
BRDA:110,14,1,1
BRDA:111,15,0,1
BRDA:111,15,1,1
BRDA:111,15,2,1
BRDA:127,16,0,1
BRDA:127,16,1,1
BRDA:132,17,0,1
BRDA:132,17,1,0
BRF:44
BRH:35
end_of_record
TN:
SF:components/LinkSmallWeapon/index.js
FNF:0
FNH:0
LF:0
LH:0
BRF:0
BRH:0
end_of_record
TN:
SF:components/LinkSmallWeaponTalent/LinkSmallWeaponTalent.js
FN:5,LinkSmallWeaponTalent
FN:17,(anonymous_1)
FNF:2
FNH:2
FNDA:17,LinkSmallWeaponTalent
FNDA:19,(anonymous_1)
DA:6,17
DA:18,19
LF:2
LH:2
BRDA:8,0,0,17
BRDA:8,0,1,17
BRDA:27,1,0,19
BRDA:27,1,1,0
BRF:4
BRH:3
end_of_record
TN:
SF:components/LinkSmallWeaponTalent/index.js
FNF:0
FNH:0
LF:0
LH:0
BRF:0
BRH:0
end_of_record
TN:
SF:components/Pagination/Pagination.js
FN:66,Pagination
FNF:1
FNH:0
FNDA:0,Pagination
DA:8,15
DA:14,15
DA:50,15
DA:67,0
DA:68,0
DA:70,0
DA:71,0
DA:72,0
DA:74,0
DA:82,0
DA:83,0
DA:85,0
DA:86,0
DA:88,0
LF:14
LH:3
BRDA:67,0,0,0
BRDA:67,0,1,0
BRDA:68,1,0,0
BRDA:68,1,1,0
BRDA:71,2,0,0
BRDA:71,2,1,0
BRDA:72,3,0,0
BRDA:72,3,1,0
BRDA:82,4,0,0
BRDA:82,4,1,0
BRDA:83,5,0,0
BRDA:83,5,1,0
BRF:12
BRH:0
end_of_record
TN:
SF:components/Pagination/index.js
FNF:0
FNH:0
LF:0
LH:0
BRF:0
BRH:0
end_of_record
TN:
SF:components/SingleArmourPiece/SingleArmourPiece.js
FN:321,SingleArmourPiece
FNF:1
FNH:1
FNDA:1,SingleArmourPiece
DA:8,1
DA:191,1
DA:279,1
DA:322,1
LF:4
LH:4
BRDA:336,0,0,1
BRDA:336,0,1,1
BRDA:342,1,0,1
BRDA:342,1,1,1
BRDA:350,2,0,1
BRDA:350,2,1,0
BRDA:368,3,0,0
BRDA:368,3,1,0
BRDA:379,4,0,0
BRDA:379,4,1,0
BRDA:400,5,0,0
BRDA:400,5,1,0
BRDA:440,6,0,1
BRDA:440,6,1,1
BRDA:459,7,0,1
BRDA:459,7,1,0
BRDA:467,8,0,1
BRDA:467,8,1,1
BRDA:475,9,0,1
BRDA:475,9,1,0
BRDA:491,10,0,1
BRDA:491,10,1,1
BRDA:522,11,0,1
BRDA:522,11,1,1
BRDA:558,12,0,1
BRDA:558,12,1,1
BRDA:597,13,0,1
BRDA:597,13,1,1
BRDA:614,14,0,1
BRDA:614,14,1,0
BRDA:622,15,0,1
BRDA:622,15,1,1
BRDA:630,16,0,1
BRDA:630,16,1,0
BRDA:638,17,0,1
BRDA:638,17,1,0
BRDA:654,18,0,1
BRDA:654,18,1,1
BRDA:668,19,0,1
BRDA:668,19,1,1
BRDA:699,20,0,1
BRDA:699,20,1,1
BRDA:736,21,0,1
BRDA:736,21,1,1
BRDA:775,22,0,1
BRDA:775,22,1,0
BRDA:775,22,2,1
BRDA:778,23,0,1
BRDA:778,23,1,1
BRDA:791,24,0,1
BRDA:791,24,1,1
BRF:51
BRH:38
end_of_record
TN:
SF:components/SingleArmourPiece/index.js
FNF:0
FNH:0
LF:0
LH:0
BRF:0
BRH:0
end_of_record
TN:
SF:components/SingleAverageWeapon/SingleAverageWeapon.js
FN:61,SingleAverageWeapon
FNF:1
FNH:1
FNDA:1,SingleAverageWeapon
DA:11,1
DA:62,1
LF:2
LH:2
BRDA:77,0,0,1
BRDA:77,0,1,0
BRDA:91,1,0,1
BRDA:91,1,1,1
BRDA:91,1,2,0
BRDA:106,2,0,1
BRDA:106,2,1,0
BRDA:114,3,0,1
BRDA:114,3,1,0
BRDA:136,4,0,1
BRDA:136,4,1,0
BRDA:144,5,0,1
BRDA:144,5,1,1
BRF:13
BRH:8
end_of_record
TN:
SF:components/SingleAverageWeapon/index.js
FNF:0
FNH:0
LF:0
LH:0
BRF:0
BRH:0
end_of_record
TN:
SF:components/SingleBrand/SingleBrand.js
FN:53,SingleBrand
FNF:1
FNH:1
FNDA:1,SingleBrand
DA:5,1
DA:54,1
LF:2
LH:2
BRF:0
BRH:0
end_of_record
TN:
SF:components/SingleBrand/index.js
FNF:0
FNH:0
LF:0
LH:0
BRF:0
BRH:0
end_of_record
TN:
SF:components/SingleRadarChart/SingleRadarChart.js
FN:18,SingleRadarChart
FN:67,(anonymous_1)
FN:89,(anonymous_2)
FN:141,(anonymous_3)
FN:182,(anonymous_4)
FNF:5
FNH:1
FNDA:17,SingleRadarChart
FNDA:0,(anonymous_1)
FNDA:0,(anonymous_2)
FNDA:0,(anonymous_3)
FNDA:0,(anonymous_4)
DA:19,17
DA:29,17
DA:32,17
DA:33,17
DA:34,17
DA:35,17
DA:36,17
DA:38,17
DA:52,17
DA:68,0
DA:82,0
DA:84,0
DA:85,0
DA:86,0
DA:87,0
DA:90,0
DA:97,17
DA:111,17
DA:125,17
DA:126,16
DA:142,0
DA:156,0
DA:170,0
DA:172,0
DA:173,0
DA:174,0
DA:178,0
DA:179,0
DA:180,0
DA:183,0
DA:190,16
DA:204,16
DA:219,16
DA:220,16
DA:221,0
DA:222,16
DA:223,0
DA:226,16
DA:227,16
DA:228,0
DA:229,16
DA:231,16
DA:252,17
LF:43
LH:23
BRDA:78,0,0,0
BRDA:78,0,1,0
BRDA:84,1,0,0
BRDA:84,1,1,0
BRDA:125,2,0,16
BRDA:125,2,1,1
BRDA:152,3,0,0
BRDA:152,3,1,0
BRDA:172,4,0,0
BRDA:172,4,1,0
BRDA:174,5,0,0
BRDA:174,5,1,0
BRDA:220,6,0,0
BRDA:220,6,1,16
BRDA:222,7,0,0
BRDA:222,7,1,16
BRDA:227,8,0,0
BRDA:227,8,1,16
BRDA:229,9,0,0
BRDA:229,9,1,16
BRDA:256,10,0,17
BRDA:256,10,1,1
BRDA:259,11,0,17
BRDA:259,11,1,16
BRF:24
BRH:10
end_of_record
TN:
SF:components/SingleRadarChart/index.js
FNF:0
FNH:0
LF:0
LH:0
BRF:0
BRH:0
end_of_record
TN:
SF:components/SingleTalent/SingleTalent.js
FN:3,SingleTalent
FNF:1
FNH:1
FNDA:6,SingleTalent
DA:4,6
DA:5,6
DA:6,6
DA:8,6
LF:4
LH:4
BRDA:5,0,0,2
BRDA:5,0,1,4
BRDA:6,1,0,2
BRDA:6,1,1,4
BRDA:14,2,0,6
BRDA:14,2,1,4
BRDA:24,3,0,6
BRDA:24,3,1,2
BRDA:39,4,0,6
BRDA:39,4,1,4
BRDA:48,5,0,6
BRDA:48,5,1,6
BRF:12
BRH:12
end_of_record
TN:
SF:components/SingleTalent/index.js
FNF:0
FNH:0
LF:0
LH:0
BRF:0
BRH:0
end_of_record
TN:
SF:components/SingleWeapon/SingleWeapon.js
FN:281,SingleWeapon
FNF:1
FNH:1
FNDA:17,SingleWeapon
DA:12,10
DA:185,10
DA:282,17
LF:3
LH:3
BRDA:297,0,0,17
BRDA:297,0,1,0
BRDA:309,1,0,17
BRDA:309,1,1,17
BRDA:309,1,2,0
BRDA:324,2,0,17
BRDA:324,2,1,17
BRDA:332,3,0,17
BRDA:332,3,1,0
BRDA:354,4,0,17
BRDA:354,4,1,0
BRDA:362,5,0,17
BRDA:362,5,1,17
BRF:13
BRH:9
end_of_record
TN:
SF:components/SingleWeapon/index.js
FNF:0
FNH:0
LF:0
LH:0
BRF:0
BRH:0
end_of_record
TN:
SF:components/TitleBar/TitleBar.js
FN:1,TitleBar
FN:15,SubHeadingBar
FNF:2
FNH:2
FNDA:17,TitleBar
FNDA:17,SubHeadingBar
DA:4,17
DA:5,17
DA:6,17
DA:16,17
LF:4
LH:4
BRDA:4,0,0,1
BRDA:4,0,1,16
BRDA:5,1,0,16
BRDA:5,1,1,1
BRF:4
BRH:4
end_of_record
TN:
SF:components/TitleBar/index.js
FNF:0
FNH:0
LF:0
LH:0
BRF:0
BRH:0
end_of_record
TN:
SF:components/WeaponClassNotes/WeaponClassNotes.js
FN:1,AssaultRifleClassNotes
FN:30,LightMachineGunClassNotes
FN:60,MarksmanRifleClassNotes
FN:96,PistolClassNotes
FN:118,RifleClassNotes
FN:149,ShotgunClassNotes
FN:188,SubMachineGunClassNotes
FNF:7
FNH:7
FNDA:3,AssaultRifleClassNotes
FNDA:2,LightMachineGunClassNotes
FNDA:2,MarksmanRifleClassNotes
FNDA:2,PistolClassNotes
FNDA:2,RifleClassNotes
FNDA:2,ShotgunClassNotes
FNDA:2,SubMachineGunClassNotes
DA:2,3
DA:31,2
DA:61,2
DA:97,2
DA:119,2
DA:150,2
DA:189,2
LF:7
LH:7
BRF:0
BRH:0
end_of_record
TN:
SF:components/WeaponClassNotes/index.js
FNF:0
FNH:0
LF:0
LH:0
BRF:0
BRH:0
end_of_record
TN:
SF:components/WeaponClassThirdAttribute/WeaponClassThirdAttribute.js
FN:3,WeaponClassThirdAttribute
FN:8,(anonymous_1)
FN:15,(anonymous_2)
FN:22,(anonymous_3)
FN:29,(anonymous_4)
FN:36,(anonymous_5)
FN:43,(anonymous_6)
FN:50,(anonymous_7)
FN:73,(anonymous_8)
FNF:9
FNH:1
FNDA:15,WeaponClassThirdAttribute
FNDA:0,(anonymous_1)
FNDA:0,(anonymous_2)
FNDA:0,(anonymous_3)
FNDA:0,(anonymous_4)
FNDA:0,(anonymous_5)
FNDA:0,(anonymous_6)
FNDA:0,(anonymous_7)
FNDA:0,(anonymous_8)
DA:5,15
DA:7,15
DA:8,0
DA:9,0
DA:10,0
DA:14,15
DA:15,0
DA:16,0
DA:17,0
DA:21,15
DA:22,0
DA:23,0
DA:24,0
DA:28,15
DA:29,0
DA:30,0
DA:31,0
DA:35,15
DA:36,0
DA:37,0
DA:38,0
DA:42,15
DA:43,0
DA:44,0
DA:45,0
DA:49,15
DA:50,0
DA:51,0
DA:52,0
DA:56,15
DA:74,0
LF:31
LH:9
BRDA:7,0,0,0
BRDA:7,0,1,15
BRDA:7,1,0,15
BRDA:7,1,1,15
BRDA:9,2,0,0
BRDA:9,2,1,0
BRDA:14,3,0,0
BRDA:14,3,1,15
BRDA:14,4,0,15
BRDA:14,4,1,0
BRDA:16,5,0,0
BRDA:16,5,1,0
BRDA:21,6,0,0
BRDA:21,6,1,15
BRDA:21,7,0,15
BRDA:21,7,1,0
BRDA:23,8,0,0
BRDA:23,8,1,0
BRDA:28,9,0,0
BRDA:28,9,1,15
BRDA:28,10,0,15
BRDA:28,10,1,0
BRDA:30,11,0,0
BRDA:30,11,1,0
BRDA:35,12,0,0
BRDA:35,12,1,15
BRDA:35,13,0,15
BRDA:35,13,1,0
BRDA:37,14,0,0
BRDA:37,14,1,0
BRDA:42,15,0,0
BRDA:42,15,1,15
BRDA:42,16,0,15
BRDA:42,16,1,0
BRDA:44,17,0,0
BRDA:44,17,1,0
BRDA:49,18,0,0
BRDA:49,18,1,15
BRDA:49,19,0,15
BRDA:49,19,1,0
BRDA:51,20,0,0
BRDA:51,20,1,0
BRDA:58,21,0,15
BRDA:58,21,1,0
BRDA:66,22,0,0
BRDA:66,22,1,0
BRF:46
BRH:16
end_of_record
TN:
SF:components/WeaponClassThirdAttribute/index.js
FNF:0
FNH:0
LF:0
LH:0
BRF:0
BRH:0
end_of_record
TN:
SF:lib/abbreviationsDictionary.js
FN:1,deAbbreviate
FNF:1
FNH:1
FNDA:25,deAbbreviate
DA:2,25
DA:3,25
DA:4,25
DA:5,25
DA:6,25
DA:7,25
DA:8,25
DA:9,25
LF:8
LH:8
BRDA:3,0,0,1
BRDA:3,0,1,24
BRDA:4,1,0,18
BRDA:4,1,1,7
BRDA:5,2,0,1
BRDA:5,2,1,24
BRDA:6,3,0,1
BRDA:6,3,1,24
BRDA:7,4,0,1
BRDA:7,4,1,24
BRDA:8,5,0,1
BRDA:8,5,1,24
BRF:12
BRH:12
end_of_record
TN:
SF:lib/displayNumbers.js
FN:1,displayPercentage
FN:6,hsDisplay
FN:11,millisecondsToSeconds
FN:16,humanReadableNumber
FNF:4
FNH:4
FNDA:60,displayPercentage
FNDA:21,hsDisplay
FNDA:40,millisecondsToSeconds
FNDA:45,humanReadableNumber
DA:2,60
DA:3,60
DA:7,21
DA:8,21
DA:12,40
DA:13,40
DA:17,45
DA:18,45
DA:19,45
DA:20,45
LF:10
LH:10
BRDA:1,0,0,0
BRDA:6,1,0,0
BRDA:11,2,0,0
BRDA:16,3,0,0
BRDA:16,4,0,42
BRDA:17,5,0,0
BRDA:17,5,1,45
BRDA:18,6,0,45
BRDA:18,6,1,42
BRF:9
BRH:4
end_of_record
TN:
SF:lib/displayStrings.js
FN:1,lowerCaseFirstLetter
FN:5,(anonymous_1)
FN:13,titleCase
FN:17,(anonymous_3)
FN:23,stringToParagraphs
FN:25,(anonymous_5)
FN:28,lowerCaseLink
FNF:7
FNH:6
FNDA:3,lowerCaseFirstLetter
FNDA:6,(anonymous_1)
FNDA:36,titleCase
FNDA:81,(anonymous_3)
FNDA:1,stringToParagraphs
FNDA:5,(anonymous_5)
FNDA:0,lowerCaseLink
DA:2,3
DA:3,3
DA:5,6
DA:7,3
DA:9,3
DA:10,3
DA:14,36
DA:18,81
DA:24,1
DA:25,5
DA:29,0
DA:30,0
LF:12
LH:10
BRDA:29,0,0,0
BRDA:29,0,1,0
BRF:2
BRH:0
end_of_record
TN:
SF:lib/testUtils.js
FN:4,(anonymous_0)
FN:8,(anonymous_1)
FN:12,(anonymous_2)
FN:16,(anonymous_3)
FN:21,makePaginationMocksFor
FN:43,(anonymous_5)
FN:85,(anonymous_6)
FN:127,(anonymous_7)
FN:155,(anonymous_8)
FN:231,(anonymous_9)
FN:249,(anonymous_10)
FN:304,(anonymous_11)
FN:367,(anonymous_12)
FN:404,(anonymous_13)
FN:432,(anonymous_14)
FN:515,(anonymous_15)
FNF:16
FNH:9
FNDA:0,(anonymous_0)
FNDA:0,(anonymous_1)
FNDA:0,(anonymous_2)
FNDA:0,(anonymous_3)
FNDA:0,makePaginationMocksFor
FNDA:2,(anonymous_5)
FNDA:2,(anonymous_6)
FNDA:2,(anonymous_7)
FNDA:1,(anonymous_8)
FNDA:1,(anonymous_9)
FNDA:8,(anonymous_10)
FNDA:1,(anonymous_11)
FNDA:1,(anonymous_12)
FNDA:0,(anonymous_13)
FNDA:1,(anonymous_14)
FNDA:0,(anonymous_15)
DA:5,0
DA:9,0
DA:13,0
DA:17,0
DA:22,0
DA:43,15
DA:85,15
DA:127,15
DA:155,15
DA:231,15
DA:249,15
DA:304,15
DA:367,15
DA:404,15
DA:432,15
DA:515,15
LF:16
LH:11
BRDA:9,0,0,0
BRDA:9,0,1,0
BRF:2
BRH:0
end_of_record
TN:
SF:pages/weapons/assaultRifle/[id].js
FN:17,SingleAssaultRiflePage
FNF:1
FNH:1
FNDA:7,SingleAssaultRiflePage
DA:18,7
DA:23,7
DA:24,3
DA:26,2
DA:27,2
DA:29,2
LF:6
LH:6
BRDA:23,0,0,4
BRDA:23,0,1,3
BRDA:24,1,0,1
BRDA:24,1,1,2
BRF:4
BRH:4
end_of_record
TN:
SF:pages/weapons/averageWeapon/[id].js
FN:21,SingleAverageWeaponPage
FNF:1
FNH:1
FNDA:5,SingleAverageWeaponPage
DA:22,5
DA:27,5
DA:28,2
DA:30,1
DA:32,1
LF:5
LH:5
BRDA:27,0,0,3
BRDA:27,0,1,2
BRDA:28,1,0,1
BRDA:28,1,1,1
BRDA:43,2,0,1
BRDA:43,2,1,1
BRDA:44,3,0,1
BRDA:44,3,1,0
BRDA:45,4,0,1
BRDA:45,4,1,0
BRDA:46,5,0,1
BRDA:46,5,1,0
BRDA:47,6,0,1
BRDA:47,6,1,0
BRDA:48,7,0,1
BRDA:48,7,1,0
BRDA:49,8,0,1
BRDA:49,8,1,0
BRF:18
BRH:12
end_of_record
TN:
SF:pages/weapons/exoticWeapon/[id].js
FN:15,SingleExoticWeaponPage
FNF:1
FNH:1
FNDA:7,SingleExoticWeaponPage
DA:16,7
DA:21,7
DA:22,3
DA:24,2
DA:25,2
DA:27,2
LF:6
LH:6
BRDA:21,0,0,4
BRDA:21,0,1,3
BRDA:22,1,0,1
BRDA:22,1,1,2
BRF:4
BRH:4
end_of_record
TN:
SF:pages/weapons/lightMachineGun/[id].js
FN:17,SingleLightMachineGunPage
FNF:1
FNH:1
FNDA:7,SingleLightMachineGunPage
DA:18,7
DA:23,7
DA:24,3
DA:26,2
DA:27,2
DA:29,2
LF:6
LH:6
BRDA:23,0,0,4
BRDA:23,0,1,3
BRDA:24,1,0,1
BRDA:24,1,1,2
BRF:4
BRH:4
end_of_record
TN:
SF:pages/weapons/marksmanRifle/[id].js
FN:17,SingleMarksmanRiflePage
FNF:1
FNH:1
FNDA:7,SingleMarksmanRiflePage
DA:18,7
DA:23,7
DA:24,3
DA:26,2
DA:27,2
DA:29,2
LF:6
LH:6
BRDA:23,0,0,4
BRDA:23,0,1,3
BRDA:24,1,0,1
BRDA:24,1,1,2
BRF:4
BRH:4
end_of_record
TN:
SF:pages/weapons/pistol/[id].js
FN:17,SinglePistolPage
FNF:1
FNH:1
FNDA:7,SinglePistolPage
DA:18,7
DA:23,7
DA:24,3
DA:26,2
DA:27,2
DA:29,2
LF:6
LH:6
BRDA:23,0,0,4
BRDA:23,0,1,3
BRDA:24,1,0,1
BRDA:24,1,1,2
BRF:4
BRH:4
end_of_record
TN:
SF:pages/weapons/rifle/[id].js
FN:17,SingleRiflePage
FNF:1
FNH:1
FNDA:7,SingleRiflePage
DA:18,7
DA:23,7
DA:24,3
DA:26,2
DA:27,2
DA:29,2
LF:6
LH:6
BRDA:23,0,0,4
BRDA:23,0,1,3
BRDA:24,1,0,1
BRDA:24,1,1,2
BRF:4
BRH:4
end_of_record
TN:
SF:pages/weapons/shotgun/[id].js
FN:17,SingleShotgunPage
FNF:1
FNH:1
FNDA:7,SingleShotgunPage
DA:18,7
DA:23,7
DA:24,3
DA:26,2
DA:27,2
DA:29,2
LF:6
LH:6
BRDA:23,0,0,4
BRDA:23,0,1,3
BRDA:24,1,0,1
BRDA:24,1,1,2
BRF:4
BRH:4
end_of_record
TN:
SF:pages/weapons/subMachineGun/[id].js
FN:17,SingleSubMachineGunPage
FNF:1
FNH:1
FNDA:7,SingleSubMachineGunPage
DA:18,7
DA:23,7
DA:24,3
DA:26,2
DA:27,2
DA:29,2
LF:6
LH:6
BRDA:23,0,0,4
BRDA:23,0,1,3
BRDA:24,1,0,1
BRDA:24,1,1,2
BRF:4
BRH:4
end_of_record
